#
# A fatal error has been detected by the Java Runtime Environment:
#
#  Internal Error (t:/workspace/open/src/hotspot/share/oops/generateOopMap.cpp:2164), pid=17444, tid=18224
#  fatal error: Illegal class file encountered. Try running with -Xverify:all in method addnewcustomer
#
# JRE version: Java(TM) SE Runtime Environment (12.0.2+10) (build 12.0.2+10)
# Java VM: Java HotSpot(TM) 64-Bit Server VM (12.0.2+10, mixed mode, sharing, tiered, compressed oops, g1 gc, windows-amd64)
# No core dump will be written. Minidumps are not enabled by default on client versions of Windows
#
# If you would like to submit a bug report, please visit:
#   http://bugreport.java.com/bugreport/crash.jsp
#

---------------  S U M M A R Y ------------

Command Line: -agentlib:jdwp=transport=dt_socket,suspend=y,address=localhost:53418 -ea -Dfile.encoding=Cp1252 org.testng.remote.RemoteTestNG -serport 53415 -protocol json -d C:\Users\Alok\eclipse-workspace\com.givautomation\test-output C:\Users\Alok\eclipse-workspace\com.givautomation\Testng.xml

Host: Intel(R) Core(TM) i5-6200U CPU @ 2.30GHz, 4 cores, 7G,  Windows 10 , 64 bit Build 17134 (10.0.17134.753)
Time: Wed Sep 25 17:22:49 2019 India Standard Time elapsed time: 1633 seconds (0d 0h 27m 13s)

---------------  T H R E A D  ---------------

Current thread (0x0000028437960800):  VMThread "VM Thread" [stack: 0x000000b3f4a00000,0x000000b3f4b00000] [id=18224]

Stack: [0x000000b3f4a00000,0x000000b3f4b00000]
[error occurred during error reporting (printing stack bounds), id 0xc0000005, EXCEPTION_ACCESS_VIOLATION (0xc0000005) at pc=0x00000284211f0bad]

Native frames: (J=compiled Java code, j=interpreted, Vv=VM code, C=native code)
V  [jvm.dll+0x63aa2a]
V  [jvm.dll+0x78ce1e]
V  [jvm.dll+0x78e4c1]
V  [jvm.dll+0x78ea75]
V  [jvm.dll+0x78ea2b]
V  [jvm.dll+0x63a134]
V  [jvm.dll+0x63a4f8]
C  [ntdll.dll+0x9f7dd]
C  [ntdll.dll+0xd856]
C  [ntdll.dll+0x9e70e]
C  0x00000284211f0bad

VM_Operation (0x000000b3f52ff610): GetOrSetLocal, mode: safepoint, requested by thread 0x00000284383e8800


---------------  P R O C E S S  ---------------

Threads class SMR info:
_java_thread_list=0x00000284395c9d70, length=19, elements={
0x0000028417621800, 0x0000028437964000, 0x000002843796d800, 0x000002843797d000,
0x000002843797f000, 0x0000028437981000, 0x00000284382c0800, 0x00000284382ed000,
0x00000284383e8800, 0x00000284383e9800, 0x00000284383f2800, 0x00000284383fe000,
0x000002843840a000, 0x0000028438b53800, 0x0000028439486800, 0x00000284393d5000,
0x0000028439513800, 0x0000028439514000, 0x000002843956a800
}

Java Threads: ( => current thread )
  0x0000028417621800 JavaThread "main" [_thread_blocked, id=17044, stack(0x000000b3f4400000,0x000000b3f4500000)]
  0x0000028437964000 JavaThread "Reference Handler" daemon [_thread_blocked, id=2424, stack(0x000000b3f4b00000,0x000000b3f4c00000)]
  0x000002843796d800 JavaThread "Finalizer" daemon [_thread_blocked, id=17132, stack(0x000000b3f4c00000,0x000000b3f4d00000)]
  0x000002843797d000 JavaThread "Signal Dispatcher" daemon [_thread_blocked, id=6068, stack(0x000000b3f4d00000,0x000000b3f4e00000)]
  0x000002843797f000 JavaThread "Attach Listener" daemon [_thread_blocked, id=17764, stack(0x000000b3f4e00000,0x000000b3f4f00000)]
  0x0000028437981000 JavaThread "C2 CompilerThread0" daemon [_thread_blocked, id=15172, stack(0x000000b3f4f00000,0x000000b3f5000000)]
  0x00000284382c0800 JavaThread "C1 CompilerThread0" daemon [_thread_blocked, id=16308, stack(0x000000b3f5000000,0x000000b3f5100000)]
  0x00000284382ed000 JavaThread "Sweeper thread" daemon [_thread_blocked, id=17848, stack(0x000000b3f5100000,0x000000b3f5200000)]
  0x00000284383e8800 JavaThread "JDWP Transport Listener: dt_socket" daemon [_thread_blocked, id=17868, stack(0x000000b3f5200000,0x000000b3f5300000)] _threads_hazard_ptr=0x00000284395c9d70
  0x00000284383e9800 JavaThread "JDWP Event Helper Thread" daemon [_thread_blocked, id=17804, stack(0x000000b3f5300000,0x000000b3f5400000)]
  0x00000284383f2800 JavaThread "JDWP Command Reader" daemon [_thread_in_native, id=16028, stack(0x000000b3f5400000,0x000000b3f5500000)]
  0x00000284383fe000 JavaThread "Service Thread" daemon [_thread_blocked, id=16564, stack(0x000000b3f5500000,0x000000b3f5600000)]
  0x000002843840a000 JavaThread "Common-Cleaner" daemon [_thread_blocked, id=776, stack(0x000000b3f5700000,0x000000b3f5800000)]
  0x0000028438b53800 JavaThread "ReaderThread" [_thread_in_native, id=18352, stack(0x000000b3f5a00000,0x000000b3f5b00000)]
  0x0000028439486800 JavaThread "Exec Default Executor" daemon [_thread_in_native, id=16004, stack(0x000000b3f5f00000,0x000000b3f6000000)]
  0x00000284393d5000 JavaThread "Exec Stream Pumper" daemon [_thread_in_native, id=7440, stack(0x000000b3f6000000,0x000000b3f6100000)]
  0x0000028439513800 JavaThread "Exec Stream Pumper" daemon [_thread_in_native, id=9568, stack(0x000000b3f6100000,0x000000b3f6200000)]
  0x0000028439514000 JavaThread "ForkJoinPool.commonPool-worker-3" daemon [_thread_blocked, id=4828, stack(0x000000b3f5e00000,0x000000b3f5f00000)]
  0x000002843956a800 JavaThread "Okio Watchdog" daemon [_thread_blocked, id=5480, stack(0x000000b3f6300000,0x000000b3f6400000)]

Other Threads:
=>0x0000028437960800 VMThread "VM Thread" [stack: 0x000000b3f4a00000,0x000000b3f4b00000] [id=18224]
  0x0000028438405000 WatcherThread [stack: 0x000000b3f5600000,0x000000b3f5700000] [id=7924]
  0x0000028417660000 GCTaskThread "GC Thread#0" [stack: 0x000000b3f4500000,0x000000b3f4600000] [id=236]
  0x0000028439151000 GCTaskThread "GC Thread#1" [stack: 0x000000b3f5800000,0x000000b3f5900000] [id=16816]
  0x0000028439149800 GCTaskThread "GC Thread#2" [stack: 0x000000b3f5b00000,0x000000b3f5c00000] [id=5628]
  0x000002843914a000 GCTaskThread "GC Thread#3" [stack: 0x000000b3f5c00000,0x000000b3f5d00000] [id=15100]
  0x0000028417670000 ConcurrentGCThread "G1 Main Marker" [stack: 0x000000b3f4600000,0x000000b3f4700000] [id=12824]
  0x0000028417673000 ConcurrentGCThread "G1 Conc#0" [stack: 0x000000b3f4700000,0x000000b3f4800000] [id=16660]
  0x00000284176e2000 ConcurrentGCThread "G1 Refine#0" [stack: 0x000000b3f4800000,0x000000b3f4900000] [id=17428]
  0x00000284385c3800 ConcurrentGCThread "G1 Refine#1" [stack: 0x000000b3f5d00000,0x000000b3f5e00000] [id=13388]
  0x00000284377e1800 ConcurrentGCThread "G1 Young RemSet Sampling" [stack: 0x000000b3f4900000,0x000000b3f4a00000] [id=12576]

Threads with active compile tasks:

VM state:at safepoint (normal execution)

VM Mutex/Monitor currently owned by a thread:  ([mutex/lock_event])
[0x000002841761f220] Threads_lock - owner thread: 0x0000028437960800

Heap address: 0x0000000081c00000, size: 2020 MB, Compressed Oops mode: 32-bit
Narrow klass base: 0x0000000800000000, Narrow klass shift: 3
Compressed class space size: 1073741824 Address: 0x0000000801190000

Heap:
 garbage-first heap   total 131072K, used 17234K [0x0000000081c00000, 0x0000000100000000)
  region size 1024K, 13 young (13312K), 4 survivors (4096K)
 Metaspace       used 16367K, capacity 16934K, committed 17024K, reserved 1064960K
  class space    used 1973K, capacity 2166K, committed 2176K, reserved 1048576K
Heap Regions: E=young(eden), S=young(survivor), O=old, HS=humongous(starts), HC=humongous(continues), CS=collection set, F=free, A=archive, TAMS=top-at-mark-start (previous, next)
|   0|0x0000000081c00000, 0x0000000081d00000, 0x0000000081d00000|100%|HS|  |TAMS 0x0000000081c00000, 0x0000000081c00000| Complete 
|   1|0x0000000081d00000, 0x0000000081e00000, 0x0000000081e00000|100%| O|  |TAMS 0x0000000081d00000, 0x0000000081d00000| Untracked 
|   2|0x0000000081e00000, 0x0000000081f00000, 0x0000000081f00000|100%| O|  |TAMS 0x0000000081e00000, 0x0000000081e00000| Untracked 
|   3|0x0000000081f00000, 0x0000000082000000, 0x0000000082000000|100%| O|  |TAMS 0x0000000081f00000, 0x0000000081f00000| Untracked 
|   4|0x0000000082000000, 0x0000000082100000, 0x0000000082100000|100%| O|  |TAMS 0x0000000082000000, 0x0000000082000000| Untracked 
|   5|0x0000000082100000, 0x0000000082130e00, 0x0000000082200000| 19%| O|  |TAMS 0x0000000082100000, 0x0000000082100000| Untracked 
|   6|0x0000000082200000, 0x0000000082200000, 0x0000000082300000|  0%| F|  |TAMS 0x0000000082200000, 0x0000000082200000| Untracked 
|   7|0x0000000082300000, 0x0000000082300000, 0x0000000082400000|  0%| F|  |TAMS 0x0000000082300000, 0x0000000082300000| Untracked 
|   8|0x0000000082400000, 0x0000000082400000, 0x0000000082500000|  0%| F|  |TAMS 0x0000000082400000, 0x0000000082400000| Untracked 
|   9|0x0000000082500000, 0x0000000082500000, 0x0000000082600000|  0%| F|  |TAMS 0x0000000082500000, 0x0000000082500000| Untracked 
|  10|0x0000000082600000, 0x0000000082600000, 0x0000000082700000|  0%| F|  |TAMS 0x0000000082600000, 0x0000000082600000| Untracked 
|  11|0x0000000082700000, 0x0000000082700000, 0x0000000082800000|  0%| F|  |TAMS 0x0000000082700000, 0x0000000082700000| Untracked 
|  12|0x0000000082800000, 0x0000000082800000, 0x0000000082900000|  0%| F|  |TAMS 0x0000000082800000, 0x0000000082800000| Untracked 
|  13|0x0000000082900000, 0x0000000082900000, 0x0000000082a00000|  0%| F|  |TAMS 0x0000000082900000, 0x0000000082900000| Untracked 
|  14|0x0000000082a00000, 0x0000000082a00000, 0x0000000082b00000|  0%| F|  |TAMS 0x0000000082a00000, 0x0000000082a00000| Untracked 
|  15|0x0000000082b00000, 0x0000000082b00000, 0x0000000082c00000|  0%| F|  |TAMS 0x0000000082b00000, 0x0000000082b00000| Untracked 
|  16|0x0000000082c00000, 0x0000000082c00000, 0x0000000082d00000|  0%| F|  |TAMS 0x0000000082c00000, 0x0000000082c00000| Untracked 
|  17|0x0000000082d00000, 0x0000000082d00000, 0x0000000082e00000|  0%| F|  |TAMS 0x0000000082d00000, 0x0000000082d00000| Untracked 
|  18|0x0000000082e00000, 0x0000000082e00000, 0x0000000082f00000|  0%| F|  |TAMS 0x0000000082e00000, 0x0000000082e00000| Untracked 
|  19|0x0000000082f00000, 0x0000000082f00000, 0x0000000083000000|  0%| F|  |TAMS 0x0000000082f00000, 0x0000000082f00000| Untracked 
|  20|0x0000000083000000, 0x0000000083000000, 0x0000000083100000|  0%| F|  |TAMS 0x0000000083000000, 0x0000000083000000| Untracked 
|  21|0x0000000083100000, 0x0000000083100000, 0x0000000083200000|  0%| F|  |TAMS 0x0000000083100000, 0x0000000083100000| Untracked 
|  22|0x0000000083200000, 0x0000000083200000, 0x0000000083300000|  0%| F|  |TAMS 0x0000000083200000, 0x0000000083200000| Untracked 
|  23|0x0000000083300000, 0x0000000083300000, 0x0000000083400000|  0%| F|  |TAMS 0x0000000083300000, 0x0000000083300000| Untracked 
|  24|0x0000000083400000, 0x0000000083400000, 0x0000000083500000|  0%| F|  |TAMS 0x0000000083400000, 0x0000000083400000| Untracked 
|  25|0x0000000083500000, 0x0000000083500000, 0x0000000083600000|  0%| F|  |TAMS 0x0000000083500000, 0x0000000083500000| Untracked 
|  26|0x0000000083600000, 0x0000000083600000, 0x0000000083700000|  0%| F|  |TAMS 0x0000000083600000, 0x0000000083600000| Untracked 
|  27|0x0000000083700000, 0x0000000083700000, 0x0000000083800000|  0%| F|  |TAMS 0x0000000083700000, 0x0000000083700000| Untracked 
|  28|0x0000000083800000, 0x0000000083800000, 0x0000000083900000|  0%| F|  |TAMS 0x0000000083800000, 0x0000000083800000| Untracked 
|  29|0x0000000083900000, 0x0000000083900000, 0x0000000083a00000|  0%| F|  |TAMS 0x0000000083900000, 0x0000000083900000| Untracked 
|  30|0x0000000083a00000, 0x0000000083a00000, 0x0000000083b00000|  0%| F|  |TAMS 0x0000000083a00000, 0x0000000083a00000| Untracked 
|  31|0x0000000083b00000, 0x0000000083b00000, 0x0000000083c00000|  0%| F|  |TAMS 0x0000000083b00000, 0x0000000083b00000| Untracked 
|  32|0x0000000083c00000, 0x0000000083c00000, 0x0000000083d00000|  0%| F|  |TAMS 0x0000000083c00000, 0x0000000083c00000| Untracked 
|  33|0x0000000083d00000, 0x0000000083d00000, 0x0000000083e00000|  0%| F|  |TAMS 0x0000000083d00000, 0x0000000083d00000| Untracked 
|  34|0x0000000083e00000, 0x0000000083e00000, 0x0000000083f00000|  0%| F|  |TAMS 0x0000000083e00000, 0x0000000083e00000| Untracked 
|  35|0x0000000083f00000, 0x0000000083f00000, 0x0000000084000000|  0%| F|  |TAMS 0x0000000083f00000, 0x0000000083f00000| Untracked 
|  36|0x0000000084000000, 0x0000000084000000, 0x0000000084100000|  0%| F|  |TAMS 0x0000000084000000, 0x0000000084000000| Untracked 
|  37|0x0000000084100000, 0x0000000084100000, 0x0000000084200000|  0%| F|  |TAMS 0x0000000084100000, 0x0000000084100000| Untracked 
|  38|0x0000000084200000, 0x0000000084200000, 0x0000000084300000|  0%| F|  |TAMS 0x0000000084200000, 0x0000000084200000| Untracked 
|  39|0x0000000084300000, 0x0000000084300000, 0x0000000084400000|  0%| F|  |TAMS 0x0000000084300000, 0x0000000084300000| Untracked 
|  40|0x0000000084400000, 0x0000000084400000, 0x0000000084500000|  0%| F|  |TAMS 0x0000000084400000, 0x0000000084400000| Untracked 
|  41|0x0000000084500000, 0x0000000084500000, 0x0000000084600000|  0%| F|  |TAMS 0x0000000084500000, 0x0000000084500000| Untracked 
|  42|0x0000000084600000, 0x0000000084600000, 0x0000000084700000|  0%| F|  |TAMS 0x0000000084600000, 0x0000000084600000| Untracked 
|  43|0x0000000084700000, 0x0000000084700000, 0x0000000084800000|  0%| F|  |TAMS 0x0000000084700000, 0x0000000084700000| Untracked 
|  44|0x0000000084800000, 0x0000000084800000, 0x0000000084900000|  0%| F|  |TAMS 0x0000000084800000, 0x0000000084800000| Untracked 
|  45|0x0000000084900000, 0x0000000084900000, 0x0000000084a00000|  0%| F|  |TAMS 0x0000000084900000, 0x0000000084900000| Untracked 
|  46|0x0000000084a00000, 0x0000000084a00000, 0x0000000084b00000|  0%| F|  |TAMS 0x0000000084a00000, 0x0000000084a00000| Untracked 
|  47|0x0000000084b00000, 0x0000000084b00000, 0x0000000084c00000|  0%| F|  |TAMS 0x0000000084b00000, 0x0000000084b00000| Untracked 
|  48|0x0000000084c00000, 0x0000000084c00000, 0x0000000084d00000|  0%| F|  |TAMS 0x0000000084c00000, 0x0000000084c00000| Untracked 
|  49|0x0000000084d00000, 0x0000000084d00000, 0x0000000084e00000|  0%| F|  |TAMS 0x0000000084d00000, 0x0000000084d00000| Untracked 
|  50|0x0000000084e00000, 0x0000000084e00000, 0x0000000084f00000|  0%| F|  |TAMS 0x0000000084e00000, 0x0000000084e00000| Untracked 
|  51|0x0000000084f00000, 0x0000000084f00000, 0x0000000085000000|  0%| F|  |TAMS 0x0000000084f00000, 0x0000000084f00000| Untracked 
|  52|0x0000000085000000, 0x0000000085000000, 0x0000000085100000|  0%| F|  |TAMS 0x0000000085000000, 0x0000000085000000| Untracked 
|  53|0x0000000085100000, 0x0000000085100000, 0x0000000085200000|  0%| F|  |TAMS 0x0000000085100000, 0x0000000085100000| Untracked 
|  54|0x0000000085200000, 0x0000000085200000, 0x0000000085300000|  0%| F|  |TAMS 0x0000000085200000, 0x0000000085200000| Untracked 
|  55|0x0000000085300000, 0x0000000085300000, 0x0000000085400000|  0%| F|  |TAMS 0x0000000085300000, 0x0000000085300000| Untracked 
|  56|0x0000000085400000, 0x0000000085400000, 0x0000000085500000|  0%| F|  |TAMS 0x0000000085400000, 0x0000000085400000| Untracked 
|  57|0x0000000085500000, 0x0000000085500000, 0x0000000085600000|  0%| F|  |TAMS 0x0000000085500000, 0x0000000085500000| Untracked 
|  58|0x0000000085600000, 0x0000000085600000, 0x0000000085700000|  0%| F|  |TAMS 0x0000000085600000, 0x0000000085600000| Untracked 
|  59|0x0000000085700000, 0x0000000085700000, 0x0000000085800000|  0%| F|  |TAMS 0x0000000085700000, 0x0000000085700000| Untracked 
|  60|0x0000000085800000, 0x0000000085800000, 0x0000000085900000|  0%| F|  |TAMS 0x0000000085800000, 0x0000000085800000| Untracked 
|  61|0x0000000085900000, 0x0000000085900000, 0x0000000085a00000|  0%| F|  |TAMS 0x0000000085900000, 0x0000000085900000| Untracked 
|  62|0x0000000085a00000, 0x0000000085a00000, 0x0000000085b00000|  0%| F|  |TAMS 0x0000000085a00000, 0x0000000085a00000| Untracked 
|  63|0x0000000085b00000, 0x0000000085b00000, 0x0000000085c00000|  0%| F|  |TAMS 0x0000000085b00000, 0x0000000085b00000| Untracked 
|  64|0x0000000085c00000, 0x0000000085c00000, 0x0000000085d00000|  0%| F|  |TAMS 0x0000000085c00000, 0x0000000085c00000| Untracked 
|  65|0x0000000085d00000, 0x0000000085d00000, 0x0000000085e00000|  0%| F|  |TAMS 0x0000000085d00000, 0x0000000085d00000| Untracked 
|  66|0x0000000085e00000, 0x0000000085e00000, 0x0000000085f00000|  0%| F|  |TAMS 0x0000000085e00000, 0x0000000085e00000| Untracked 
|  67|0x0000000085f00000, 0x0000000085f00000, 0x0000000086000000|  0%| F|  |TAMS 0x0000000085f00000, 0x0000000085f00000| Untracked 
|  68|0x0000000086000000, 0x0000000086000000, 0x0000000086100000|  0%| F|  |TAMS 0x0000000086000000, 0x0000000086000000| Untracked 
|  69|0x0000000086100000, 0x0000000086100000, 0x0000000086200000|  0%| F|  |TAMS 0x0000000086100000, 0x0000000086100000| Untracked 
|  70|0x0000000086200000, 0x0000000086200000, 0x0000000086300000|  0%| F|  |TAMS 0x0000000086200000, 0x0000000086200000| Untracked 
|  71|0x0000000086300000, 0x0000000086300000, 0x0000000086400000|  0%| F|  |TAMS 0x0000000086300000, 0x0000000086300000| Untracked 
|  72|0x0000000086400000, 0x0000000086400000, 0x0000000086500000|  0%| F|  |TAMS 0x0000000086400000, 0x0000000086400000| Untracked 
|  73|0x0000000086500000, 0x0000000086500000, 0x0000000086600000|  0%| F|  |TAMS 0x0000000086500000, 0x0000000086500000| Untracked 
|  74|0x0000000086600000, 0x0000000086600000, 0x0000000086700000|  0%| F|  |TAMS 0x0000000086600000, 0x0000000086600000| Untracked 
|  75|0x0000000086700000, 0x0000000086700000, 0x0000000086800000|  0%| F|  |TAMS 0x0000000086700000, 0x0000000086700000| Untracked 
|  76|0x0000000086800000, 0x0000000086800000, 0x0000000086900000|  0%| F|  |TAMS 0x0000000086800000, 0x0000000086800000| Untracked 
|  77|0x0000000086900000, 0x0000000086900000, 0x0000000086a00000|  0%| F|  |TAMS 0x0000000086900000, 0x0000000086900000| Untracked 
|  78|0x0000000086a00000, 0x0000000086a00000, 0x0000000086b00000|  0%| F|  |TAMS 0x0000000086a00000, 0x0000000086a00000| Untracked 
|  79|0x0000000086b00000, 0x0000000086b00000, 0x0000000086c00000|  0%| F|  |TAMS 0x0000000086b00000, 0x0000000086b00000| Untracked 
|  80|0x0000000086c00000, 0x0000000086c00000, 0x0000000086d00000|  0%| F|  |TAMS 0x0000000086c00000, 0x0000000086c00000| Untracked 
|  81|0x0000000086d00000, 0x0000000086d00000, 0x0000000086e00000|  0%| F|  |TAMS 0x0000000086d00000, 0x0000000086d00000| Untracked 
|  82|0x0000000086e00000, 0x0000000086e00000, 0x0000000086f00000|  0%| F|  |TAMS 0x0000000086e00000, 0x0000000086e00000| Untracked 
|  83|0x0000000086f00000, 0x0000000086f00000, 0x0000000087000000|  0%| F|  |TAMS 0x0000000086f00000, 0x0000000086f00000| Untracked 
|  84|0x0000000087000000, 0x0000000087000000, 0x0000000087100000|  0%| F|  |TAMS 0x0000000087000000, 0x0000000087000000| Untracked 
|  85|0x0000000087100000, 0x0000000087100000, 0x0000000087200000|  0%| F|  |TAMS 0x0000000087100000, 0x0000000087100000| Untracked 
|  86|0x0000000087200000, 0x0000000087200000, 0x0000000087300000|  0%| F|  |TAMS 0x0000000087200000, 0x0000000087200000| Untracked 
|  87|0x0000000087300000, 0x0000000087300000, 0x0000000087400000|  0%| F|  |TAMS 0x0000000087300000, 0x0000000087300000| Untracked 
|  88|0x0000000087400000, 0x0000000087400000, 0x0000000087500000|  0%| F|  |TAMS 0x0000000087400000, 0x0000000087400000| Untracked 
|  89|0x0000000087500000, 0x0000000087500000, 0x0000000087600000|  0%| F|  |TAMS 0x0000000087500000, 0x0000000087500000| Untracked 
|  90|0x0000000087600000, 0x0000000087600000, 0x0000000087700000|  0%| F|  |TAMS 0x0000000087600000, 0x0000000087600000| Untracked 
|  91|0x0000000087700000, 0x0000000087700000, 0x0000000087800000|  0%| F|  |TAMS 0x0000000087700000, 0x0000000087700000| Untracked 
|  92|0x0000000087800000, 0x0000000087800000, 0x0000000087900000|  0%| F|  |TAMS 0x0000000087800000, 0x0000000087800000| Untracked 
|  93|0x0000000087900000, 0x0000000087900000, 0x0000000087a00000|  0%| F|  |TAMS 0x0000000087900000, 0x0000000087900000| Untracked 
|  94|0x0000000087a00000, 0x0000000087a00000, 0x0000000087b00000|  0%| F|  |TAMS 0x0000000087a00000, 0x0000000087a00000| Untracked 
|  95|0x0000000087b00000, 0x0000000087b00000, 0x0000000087c00000|  0%| F|  |TAMS 0x0000000087b00000, 0x0000000087b00000| Untracked 
|  96|0x0000000087c00000, 0x0000000087c00000, 0x0000000087d00000|  0%| F|  |TAMS 0x0000000087c00000, 0x0000000087c00000| Untracked 
|  97|0x0000000087d00000, 0x0000000087da3bf0, 0x0000000087e00000| 63%| S|CS|TAMS 0x0000000087d00000, 0x0000000087d00000| Complete 
|  98|0x0000000087e00000, 0x0000000087f00000, 0x0000000087f00000|100%| S|CS|TAMS 0x0000000087e00000, 0x0000000087e00000| Complete 
|  99|0x0000000087f00000, 0x0000000088000000, 0x0000000088000000|100%| S|CS|TAMS 0x0000000087f00000, 0x0000000087f00000| Complete 
| 100|0x0000000088000000, 0x0000000088100000, 0x0000000088100000|100%| S|CS|TAMS 0x0000000088000000, 0x0000000088000000| Complete 
| 101|0x0000000088100000, 0x0000000088100000, 0x0000000088200000|  0%| F|  |TAMS 0x0000000088100000, 0x0000000088100000| Untracked 
| 102|0x0000000088200000, 0x0000000088200000, 0x0000000088300000|  0%| F|  |TAMS 0x0000000088200000, 0x0000000088200000| Untracked 
| 103|0x0000000088300000, 0x0000000088300000, 0x0000000088400000|  0%| F|  |TAMS 0x0000000088300000, 0x0000000088300000| Untracked 
| 104|0x0000000088400000, 0x0000000088400000, 0x0000000088500000|  0%| F|  |TAMS 0x0000000088400000, 0x0000000088400000| Untracked 
| 105|0x0000000088500000, 0x0000000088500000, 0x0000000088600000|  0%| F|  |TAMS 0x0000000088500000, 0x0000000088500000| Untracked 
| 106|0x0000000088600000, 0x0000000088600000, 0x0000000088700000|  0%| F|  |TAMS 0x0000000088600000, 0x0000000088600000| Untracked 
| 107|0x0000000088700000, 0x0000000088700000, 0x0000000088800000|  0%| F|  |TAMS 0x0000000088700000, 0x0000000088700000| Untracked 
| 108|0x0000000088800000, 0x0000000088800000, 0x0000000088900000|  0%| F|  |TAMS 0x0000000088800000, 0x0000000088800000| Untracked 
| 109|0x0000000088900000, 0x0000000088900000, 0x0000000088a00000|  0%| F|  |TAMS 0x0000000088900000, 0x0000000088900000| Untracked 
| 110|0x0000000088a00000, 0x0000000088a00000, 0x0000000088b00000|  0%| F|  |TAMS 0x0000000088a00000, 0x0000000088a00000| Untracked 
| 111|0x0000000088b00000, 0x0000000088b00000, 0x0000000088c00000|  0%| F|  |TAMS 0x0000000088b00000, 0x0000000088b00000| Untracked 
| 112|0x0000000088c00000, 0x0000000088c00000, 0x0000000088d00000|  0%| F|  |TAMS 0x0000000088c00000, 0x0000000088c00000| Untracked 
| 113|0x0000000088d00000, 0x0000000088d00000, 0x0000000088e00000|  0%| F|  |TAMS 0x0000000088d00000, 0x0000000088d00000| Untracked 
| 114|0x0000000088e00000, 0x0000000088e00000, 0x0000000088f00000|  0%| F|  |TAMS 0x0000000088e00000, 0x0000000088e00000| Untracked 
| 115|0x0000000088f00000, 0x0000000088f00000, 0x0000000089000000|  0%| F|  |TAMS 0x0000000088f00000, 0x0000000088f00000| Untracked 
| 116|0x0000000089000000, 0x0000000089000000, 0x0000000089100000|  0%| F|  |TAMS 0x0000000089000000, 0x0000000089000000| Untracked 
| 117|0x0000000089100000, 0x0000000089100000, 0x0000000089200000|  0%| F|  |TAMS 0x0000000089100000, 0x0000000089100000| Untracked 
| 118|0x0000000089200000, 0x0000000089200000, 0x0000000089300000|  0%| F|  |TAMS 0x0000000089200000, 0x0000000089200000| Untracked 
| 119|0x0000000089300000, 0x00000000893dcaf8, 0x0000000089400000| 86%| E|  |TAMS 0x0000000089300000, 0x0000000089300000| Complete 
| 120|0x0000000089400000, 0x0000000089500000, 0x0000000089500000|100%| E|CS|TAMS 0x0000000089400000, 0x0000000089400000| Complete 
| 121|0x0000000089500000, 0x0000000089600000, 0x0000000089600000|100%| E|CS|TAMS 0x0000000089500000, 0x0000000089500000| Complete 
| 122|0x0000000089600000, 0x0000000089700000, 0x0000000089700000|100%| E|CS|TAMS 0x0000000089600000, 0x0000000089600000| Complete 
| 123|0x0000000089700000, 0x0000000089800000, 0x0000000089800000|100%| E|CS|TAMS 0x0000000089700000, 0x0000000089700000| Complete 
| 124|0x0000000089800000, 0x0000000089900000, 0x0000000089900000|100%| E|CS|TAMS 0x0000000089800000, 0x0000000089800000| Complete 
| 125|0x0000000089900000, 0x0000000089a00000, 0x0000000089a00000|100%| E|CS|TAMS 0x0000000089900000, 0x0000000089900000| Complete 
| 126|0x0000000089a00000, 0x0000000089b00000, 0x0000000089b00000|100%| E|CS|TAMS 0x0000000089a00000, 0x0000000089a00000| Complete 
| 127|0x0000000089b00000, 0x0000000089c00000, 0x0000000089c00000|100%| E|CS|TAMS 0x0000000089b00000, 0x0000000089b00000| Complete 

Card table byte_map: [0x0000028430c10000,0x0000028431010000] _byte_map_base: 0x0000028430802000

Marking Bits (Prev, Next): (CMBitMap*) 0x00000284176610f8, (CMBitMap*) 0x0000028417661138
 Prev Bits: [0x0000028431410000, 0x00000284333a0000)
 Next Bits: [0x00000284333a0000, 0x0000028435330000)

Polling page: 0x00000284173e0000

Metaspace:

Usage:
  Non-class:     14.42 MB capacity,    14.06 MB ( 97%) used,   317.23 KB (  2%) free+waste,    56.38 KB ( <1%) overhead. 
      Class:      2.12 MB capacity,     1.93 MB ( 91%) used,   165.10 KB (  8%) free+waste,    27.38 KB (  1%) overhead. 
       Both:     16.54 MB capacity,    15.98 MB ( 97%) used,   482.33 KB (  3%) free+waste,    83.75 KB ( <1%) overhead. 

Virtual space:
  Non-class space:       16.00 MB reserved,      14.50 MB ( 91%) committed 
      Class space:        1.00 GB reserved,       2.13 MB ( <1%) committed 
             Both:        1.02 GB reserved,      16.63 MB (  2%) committed 

Chunk freelists:
   Non-Class:  2.00 KB
       Class:  1.25 KB
        Both:  3.25 KB

CodeHeap 'non-profiled nmethods': size=120064Kb used=829Kb max_used=829Kb free=119234Kb
 bounds [0x0000028428cb0000, 0x0000028428f20000, 0x00000284301f0000]
CodeHeap 'profiled nmethods': size=120000Kb used=4712Kb max_used=4712Kb free=115287Kb
 bounds [0x0000028421780000, 0x0000028421c20000, 0x0000028428cb0000]
CodeHeap 'non-nmethods': size=5696Kb used=1268Kb max_used=1289Kb free=4427Kb
 bounds [0x00000284211f0000, 0x0000028421460000, 0x0000028421780000]
 total_blobs=3186 nmethods=2234 adapters=430
 compilation: enabled
              stopped_count=0, restarted_count=0
 full_count=0

Compilation events (10 events):
Event: 23.697 Thread 0x00000284382c0800 2229       3       java.lang.String$CaseInsensitiveComparator::compare (13 bytes)
Event: 23.698 Thread 0x00000284382c0800 nmethod 2229 0x0000028421c17e10 code [0x0000028421c17fe0, 0x0000028421c183d0]
Event: 23.698 Thread 0x00000284382c0800 2230       3       java.lang.String$CaseInsensitiveComparator::compare (68 bytes)
Event: 23.699 Thread 0x00000284382c0800 nmethod 2230 0x0000028421c18490 code [0x0000028421c186c0, 0x0000028421c18d40]
Event: 23.700 Thread 0x00000284382c0800 2231       3       sun.nio.cs.StreamEncoder::ensureOpen (18 bytes)
Event: 23.700 Thread 0x00000284382c0800 nmethod 2231 0x0000028421c18f90 code [0x0000028421c19160, 0x0000028421c19410]
Event: 43.528 Thread 0x00000284382c0800 2233       3       java.io.OutputStream::write (34 bytes)
Event: 43.528 Thread 0x00000284382c0800 nmethod 2233 0x0000028421c19510 code [0x0000028421c19720, 0x0000028421c19c40]
Event: 43.529 Thread 0x00000284382c0800 2234       3       java.io.FileInputStream::read (9 bytes)
Event: 43.529 Thread 0x00000284382c0800 nmethod 2234 0x0000028421c19e90 code [0x0000028421c1a060, 0x0000028421c1a230]

GC Heap History (6 events):
Event: 2.236 GC heap before
{Heap before GC invocations=0 (full 0):
 garbage-first heap   total 131072K, used 15360K [0x0000000081c00000, 0x0000000100000000)
  region size 1024K, 14 young (14336K), 0 survivors (0K)
 Metaspace       used 5800K, capacity 6770K, committed 6912K, reserved 1056768K
  class space    used 631K, capacity 703K, committed 768K, reserved 1048576K
}
Event: 2.242 GC heap after
{Heap after GC invocations=1 (full 0):
 garbage-first heap   total 131072K, used 5268K [0x0000000081c00000, 0x0000000100000000)
  region size 1024K, 2 young (2048K), 2 survivors (2048K)
 Metaspace       used 5800K, capacity 6770K, committed 6912K, reserved 1056768K
  class space    used 631K, capacity 703K, committed 768K, reserved 1048576K
}
Event: 2.617 GC heap before
{Heap before GC invocations=1 (full 0):
 garbage-first heap   total 131072K, used 13460K [0x0000000081c00000, 0x0000000100000000)
  region size 1024K, 10 young (10240K), 2 survivors (2048K)
 Metaspace       used 7944K, capacity 8243K, committed 8448K, reserved 1056768K
  class space    used 900K, capacity 962K, committed 1024K, reserved 1048576K
}
Event: 2.625 GC heap after
{Heap after GC invocations=2 (full 0):
 garbage-first heap   total 131072K, used 6274K [0x0000000081c00000, 0x0000000100000000)
  region size 1024K, 1 young (1024K), 1 survivors (1024K)
 Metaspace       used 7944K, capacity 8243K, committed 8448K, reserved 1056768K
  class space    used 900K, capacity 962K, committed 1024K, reserved 1048576K
}
Event: 3.976 GC heap before
{Heap before GC invocations=2 (full 0):
 garbage-first heap   total 131072K, used 31874K [0x0000000081c00000, 0x0000000100000000)
  region size 1024K, 27 young (27648K), 1 survivors (1024K)
 Metaspace       used 14922K, capacity 15472K, committed 15616K, reserved 1062912K
  class space    used 1806K, capacity 1988K, committed 2048K, reserved 1048576K
}
Event: 3.983 GC heap after
{Heap after GC invocations=3 (full 0):
 garbage-first heap   total 131072K, used 9042K [0x0000000081c00000, 0x0000000100000000)
  region size 1024K, 4 young (4096K), 4 survivors (4096K)
 Metaspace       used 14922K, capacity 15472K, committed 15616K, reserved 1062912K
  class space    used 1806K, capacity 1988K, committed 2048K, reserved 1048576K
}

Deoptimization events (10 events):
Event: 3.177 Thread 0x0000028417621800 Uncommon trap: reason=unstable_if action=reinterpret pc=0x0000028428d14f3c method=java.lang.String.replace(CC)Ljava/lang/String; @ 2 c2
Event: 3.179 Thread 0x0000028417621800 Uncommon trap: reason=unstable_if action=reinterpret pc=0x0000028428d256a4 method=java.lang.CharacterDataLatin1.digit(II)I @ 12 c2
Event: 3.792 Thread 0x0000028417621800 Uncommon trap: reason=unstable_if action=reinterpret pc=0x0000028428d32be0 method=java.io.ByteArrayInputStream.read([BII)I @ 35 c2
Event: 3.862 Thread 0x0000028417621800 Uncommon trap: reason=unstable_if action=reinterpret pc=0x0000028428d49144 method=java.util.regex.Pattern$BmpCharProperty.match(Ljava/util/regex/Matcher;ILjava/lang/CharSequence;)Z @ 5 c2
Event: 4.014 Thread 0x0000028417621800 Uncommon trap: reason=unstable_if action=reinterpret pc=0x0000028428d24f10 method=java.lang.CharacterDataLatin1.digit(II)I @ 12 c2
Event: 10.147 Thread 0x0000028417621800 Uncommon trap: reason=class_check action=maybe_recompile pc=0x0000028428d55a98 method=org.openqa.selenium.json.Input.init()V @ 18 c2
Event: 10.147 Thread 0x0000028417621800 Uncommon trap: reason=class_check action=maybe_recompile pc=0x0000028428d55a98 method=org.openqa.selenium.json.Input.init()V @ 18 c2
Event: 10.147 Thread 0x0000028417621800 Uncommon trap: reason=class_check action=maybe_recompile pc=0x0000028428d55a98 method=org.openqa.selenium.json.Input.init()V @ 18 c2
Event: 10.147 Thread 0x0000028417621800 Uncommon trap: reason=class_check action=maybe_recompile pc=0x0000028428d55a98 method=org.openqa.selenium.json.Input.init()V @ 18 c2
Event: 18.087 Thread 0x0000028417621800 Uncommon trap: reason=class_check action=maybe_recompile pc=0x0000028428d63df8 method=java.util.concurrent.ConcurrentHashMap.putVal(Ljava/lang/Object;Ljava/lang/Object;Z)Ljava/lang/Object; @ 242 c2

Classes redefined (3 events):
Event: 61.144 Thread 0x0000028437960800 redefined class name=com.giv.testcases.TC_AddCompanytest_002, count=1
Event: 164.849 Thread 0x0000028437960800 redefined class name=com.giv.testcases.TC_AddCompanytest_002, count=2
Event: 468.485 Thread 0x0000028437960800 redefined class name=com.giv.testcases.TC_AddCompanytest_002, count=3

Internal exceptions (10 events):
Event: 21.130 Thread 0x0000028417621800 Exception <a 'java/net/SocketTimeoutException'{0x00000000894677e0}: Read timed out> (0x00000000894677e0) thrown at [t:/workspace/open/src/hotspot/share/prims/jni.cpp, line 636]
Event: 21.152 Thread 0x0000028417621800 Exception <a 'java/net/SocketTimeoutException'{0x000000008947eb88}: Read timed out> (0x000000008947eb88) thrown at [t:/workspace/open/src/hotspot/share/prims/jni.cpp, line 636]
Event: 21.198 Thread 0x0000028417621800 Exception <a 'java/net/SocketTimeoutException'{0x0000000089499c98}: Read timed out> (0x0000000089499c98) thrown at [t:/workspace/open/src/hotspot/share/prims/jni.cpp, line 636]
Event: 21.212 Thread 0x0000028417621800 Exception <a 'java/net/SocketTimeoutException'{0x00000000894b0828}: Read timed out> (0x00000000894b0828) thrown at [t:/workspace/open/src/hotspot/share/prims/jni.cpp, line 636]
Event: 21.255 Thread 0x0000028417621800 Exception <a 'java/net/SocketTimeoutException'{0x00000000894c2cd8}: Read timed out> (0x00000000894c2cd8) thrown at [t:/workspace/open/src/hotspot/share/prims/jni.cpp, line 636]
Event: 21.272 Thread 0x0000028417621800 Exception <a 'java/net/SocketTimeoutException'{0x00000000894dace8}: Read timed out> (0x00000000894dace8) thrown at [t:/workspace/open/src/hotspot/share/prims/jni.cpp, line 636]
Event: 21.335 Thread 0x0000028417621800 Exception <a 'java/net/SocketTimeoutException'{0x00000000894eca38}: Read timed out> (0x00000000894eca38) thrown at [t:/workspace/open/src/hotspot/share/prims/jni.cpp, line 636]
Event: 21.347 Thread 0x0000028417621800 Exception <a 'java/net/SocketTimeoutException'{0x00000000894ff9b0}: Read timed out> (0x00000000894ff9b0) thrown at [t:/workspace/open/src/hotspot/share/prims/jni.cpp, line 636]
Event: 23.617 Thread 0x0000028417621800 Exception <a 'java/net/SocketTimeoutException'{0x000000008931e510}: Read timed out> (0x000000008931e510) thrown at [t:/workspace/open/src/hotspot/share/prims/jni.cpp, line 636]
Event: 23.645 Thread 0x0000028417621800 Exception <a 'java/net/SocketTimeoutException'{0x00000000893334e0}: Read timed out> (0x00000000893334e0) thrown at [t:/workspace/open/src/hotspot/share/prims/jni.cpp, line 636]

Events (10 events):
Event: 1633.730 Executing VM operation: GetFrameLocation done
Event: 1633.731 Executing VM operation: GetOrSetLocal
Event: 1633.731 Executing VM operation: GetOrSetLocal done
Event: 1633.732 Executing VM operation: GetFrameLocation
Event: 1633.732 Executing VM operation: GetFrameLocation done
Event: 1633.732 Executing VM operation: GetOrSetLocal
Event: 1633.732 Executing VM operation: GetOrSetLocal done
Event: 1633.766 Executing VM operation: GetFrameLocation
Event: 1633.767 Executing VM operation: GetFrameLocation done
Event: 1633.767 Executing VM operation: GetOrSetLocal


Dynamic libraries:
0x00007ff712080000 - 0x00007ff71208f000 	C:\Program Files\Java\jdk-12.0.2\bin\javaw.exe
0x00007ffa3b190000 - 0x00007ffa3b371000 	C:\Windows\SYSTEM32\ntdll.dll
0x00007ffa25d50000 - 0x00007ffa25d62000 	C:\Program Files\AVAST Software\Avast\aswhook.dll
0x00007ffa38be0000 - 0x00007ffa38c91000 	C:\Windows\System32\KERNEL32.DLL
0x00007ffa37750000 - 0x00007ffa379c3000 	C:\Windows\System32\KERNELBASE.dll
0x00007ffa38130000 - 0x00007ffa38228000 	C:\Windows\System32\ucrtbase.dll
0x00007ffa36070000 - 0x00007ffa36088000 	C:\Program Files\Java\jdk-12.0.2\bin\jli.dll
0x00007ffa39790000 - 0x00007ffa39831000 	C:\Windows\System32\ADVAPI32.dll
0x00007ffa38de0000 - 0x00007ffa38e7e000 	C:\Windows\System32\msvcrt.dll
0x00007ffa3ad00000 - 0x00007ffa3ad5b000 	C:\Windows\System32\sechost.dll
0x00007ffa38610000 - 0x00007ffa38734000 	C:\Windows\System32\RPCRT4.dll
0x00007ffa39040000 - 0x00007ffa391d0000 	C:\Windows\System32\USER32.dll
0x00007ffa38570000 - 0x00007ffa38590000 	C:\Windows\System32\win32u.dll
0x00007ffa392e0000 - 0x00007ffa39308000 	C:\Windows\System32\GDI32.dll
0x00007ffa375b0000 - 0x00007ffa37741000 	C:\Windows\System32\gdi32full.dll
0x00007ffa384d0000 - 0x00007ffa3856f000 	C:\Windows\System32\msvcp_win.dll
0x00007ffa18d70000 - 0x00007ffa18d86000 	C:\Program Files\Java\jdk-12.0.2\bin\VCRUNTIME140.dll
0x00007ffa25120000 - 0x00007ffa25389000 	C:\Windows\WinSxS\amd64_microsoft.windows.common-controls_6595b64144ccf1df_6.0.17134.1006_none_d3fbb8f77c940c3f\COMCTL32.dll
0x00007ffa3ae30000 - 0x00007ffa3b151000 	C:\Windows\System32\combase.dll
0x00007ffa38590000 - 0x00007ffa38609000 	C:\Windows\System32\bcryptPrimitives.dll
0x00007ffa36040000 - 0x00007ffa3604a000 	C:\Windows\SYSTEM32\VERSION.dll
0x00007ffa38940000 - 0x00007ffa3896d000 	C:\Windows\System32\IMM32.DLL
0x00007ff9eefd0000 - 0x00007ff9ef07a000 	C:\Program Files\Java\jdk-12.0.2\bin\msvcp140.dll
0x00007ff9cf620000 - 0x00007ff9d0197000 	C:\Program Files\Java\jdk-12.0.2\bin\server\jvm.dll
0x00007ffa39310000 - 0x00007ffa39318000 	C:\Windows\System32\PSAPI.DLL
0x00007ffa27a80000 - 0x00007ffa27a89000 	C:\Windows\SYSTEM32\WSOCK32.dll
0x00007ffa3ac90000 - 0x00007ffa3acfc000 	C:\Windows\System32\WS2_32.dll
0x00007ffa333e0000 - 0x00007ffa33403000 	C:\Windows\SYSTEM32\WINMM.dll
0x00007ffa333b0000 - 0x00007ffa333da000 	C:\Windows\SYSTEM32\WINMMBASE.dll
0x00007ffa380e0000 - 0x00007ffa38129000 	C:\Windows\System32\cfgmgr32.dll
0x00007ffa37510000 - 0x00007ffa37521000 	C:\Windows\System32\kernel.appcore.dll
0x00007ffa35ea0000 - 0x00007ffa35eb1000 	C:\Program Files\Java\jdk-12.0.2\bin\verify.dll
0x00007ffa2be80000 - 0x00007ffa2c049000 	C:\Windows\SYSTEM32\DBGHELP.DLL
0x00007ffa2b200000 - 0x00007ffa2b229000 	C:\Windows\SYSTEM32\dbgcore.DLL
0x00007ffa32440000 - 0x00007ffa32466000 	C:\Program Files\Java\jdk-12.0.2\bin\java.dll
0x00007ffa18bf0000 - 0x00007ffa18c28000 	C:\Program Files\Java\jdk-12.0.2\bin\jdwp.dll
0x00007ffa35e80000 - 0x00007ffa35e97000 	C:\Program Files\Java\jdk-12.0.2\bin\zip.dll
0x00007ffa360c0000 - 0x00007ffa360ca000 	C:\Program Files\Java\jdk-12.0.2\bin\jimage.dll
0x00007ffa39840000 - 0x00007ffa3ac82000 	C:\Windows\System32\SHELL32.dll
0x00007ffa39230000 - 0x00007ffa392d9000 	C:\Windows\System32\shcore.dll
0x00007ffa379d0000 - 0x00007ffa380de000 	C:\Windows\System32\windows.storage.dll
0x00007ffa38740000 - 0x00007ffa38791000 	C:\Windows\System32\shlwapi.dll
0x00007ffa37530000 - 0x00007ffa3754f000 	C:\Windows\System32\profapi.dll
0x00007ffa374a0000 - 0x00007ffa374ec000 	C:\Windows\System32\powrprof.dll
0x00007ffa37490000 - 0x00007ffa3749a000 	C:\Windows\System32\FLTLIB.DLL
0x00007ffa26cc0000 - 0x00007ffa26cca000 	C:\Program Files\Java\jdk-12.0.2\bin\dt_socket.dll
0x00007ffa36cc0000 - 0x00007ffa36d26000 	C:\Windows\System32\mswsock.dll
0x00007ffa36a70000 - 0x00007ffa36b2e000 	C:\Windows\SYSTEM32\DNSAPI.dll
0x00007ffa38ca0000 - 0x00007ffa38ca8000 	C:\Windows\System32\NSI.dll
0x00007ffa36a20000 - 0x00007ffa36a58000 	C:\Windows\SYSTEM32\IPHLPAPI.DLL
0x00007ffa2b260000 - 0x00007ffa2b2d2000 	C:\Windows\System32\fwpuclnt.dll
0x00007ffa37200000 - 0x00007ffa37225000 	C:\Windows\SYSTEM32\bcrypt.dll
0x00007ffa2b230000 - 0x00007ffa2b23a000 	C:\Windows\System32\rasadhlp.dll
0x00007ffa32f30000 - 0x00007ffa32f49000 	C:\Program Files\Java\jdk-12.0.2\bin\net.dll
0x00007ffa31350000 - 0x00007ffa3142d000 	C:\Windows\SYSTEM32\WINHTTP.dll
0x00007ffa2b830000 - 0x00007ffa2b9fa000 	C:\Windows\SYSTEM32\urlmon.dll
0x00007ffa2b580000 - 0x00007ffa2b827000 	C:\Windows\SYSTEM32\iertutil.dll
0x00007ffa36e20000 - 0x00007ffa36e2b000 	C:\Windows\SYSTEM32\CRYPTBASE.DLL
0x00007ffa320a0000 - 0x00007ffa320b3000 	C:\Program Files\Java\jdk-12.0.2\bin\nio.dll
0x00007ffa371c0000 - 0x00007ffa371d7000 	C:\Windows\SYSTEM32\CRYPTSP.dll
0x00007ffa36880000 - 0x00007ffa368b3000 	C:\Windows\system32\rsaenh.dll
0x00007ffa373c0000 - 0x00007ffa373e8000 	C:\Windows\SYSTEM32\USERENV.dll
0x00007ffa2bc90000 - 0x00007ffa2bca6000 	C:\Windows\SYSTEM32\dhcpcsvc6.DLL
0x00007ffa2bc70000 - 0x00007ffa2bc8a000 	C:\Windows\SYSTEM32\dhcpcsvc.DLL
0x00007ffa16ea0000 - 0x00007ffa16ec7000 	C:\Program Files\Java\jdk-12.0.2\bin\sunec.dll
0x00007ffa258a0000 - 0x00007ffa258ae000 	C:\Program Files\Java\jdk-12.0.2\bin\sunmscapi.dll
0x00007ffa382e0000 - 0x00007ffa384c2000 	C:\Windows\System32\CRYPT32.dll
0x00007ffa374f0000 - 0x00007ffa37502000 	C:\Windows\System32\MSASN1.dll
0x00007ffa36f00000 - 0x00007ffa36f26000 	C:\Windows\SYSTEM32\ncrypt.dll
0x00007ffa36ec0000 - 0x00007ffa36ef6000 	C:\Windows\SYSTEM32\NTASN1.dll

dbghelp: loaded successfully - version: 4.0.5 - missing functions: none
symbol engine: initialized successfully - sym options: 0x614 - pdb path: .;C:\Program Files\Java\jdk-12.0.2\bin;C:\Windows\SYSTEM32;C:\Program Files\AVAST Software\Avast;C:\Windows\WinSxS\amd64_microsoft.windows.common-controls_6595b64144ccf1df_6.0.17134.1006_none_d3fbb8f77c940c3f;C:\Program Files\Java\jdk-12.0.2\bin\server

VM Arguments:
jvm_args: -agentlib:jdwp=transport=dt_socket,suspend=y,address=localhost:53418 -ea -Dfile.encoding=Cp1252 
java_command: org.testng.remote.RemoteTestNG -serport 53415 -protocol json -d C:\Users\Alok\eclipse-workspace\com.givautomation\test-output C:\Users\Alok\eclipse-workspace\com.givautomation\Testng.xml
java_class_path (initial): C:\Users\Alok\eclipse\java-2019-063\eclipse\configuration\org.eclipse.osgi\513\0\.cp\lib\testng-remote.jar;C:\Users\Alok\eclipse-workspace\com.givautomation\target\test-classes;C:\Users\Alok\eclipse-workspace\com.givautomation\target\classes;C:\Users\Alok\.m2\repository\org\seleniumhq\selenium\selenium-java\3.14.0\selenium-java-3.14.0.jar;C:\Users\Alok\.m2\repository\org\seleniumhq\selenium\selenium-api\3.14.0\selenium-api-3.14.0.jar;C:\Users\Alok\.m2\repository\org\seleniumhq\selenium\selenium-chrome-driver\3.14.0\selenium-chrome-driver-3.14.0.jar;C:\Users\Alok\.m2\repository\org\seleniumhq\selenium\selenium-edge-driver\3.14.0\selenium-edge-driver-3.14.0.jar;C:\Users\Alok\.m2\repository\org\seleniumhq\selenium\selenium-firefox-driver\3.14.0\selenium-firefox-driver-3.14.0.jar;C:\Users\Alok\.m2\repository\org\seleniumhq\selenium\selenium-ie-driver\3.14.0\selenium-ie-driver-3.14.0.jar;C:\Users\Alok\.m2\repository\org\seleniumhq\selenium\selenium-opera-driver\3.14.0\selenium-opera-driver-3.14.0.jar;C:\Users\Alok\.m2\repository\org\seleniumhq\selenium\selenium-remote-driver\3.14.0\selenium-remote-driver-3.14.0.jar;C:\Users\Alok\.m2\repository\org\seleniumhq\selenium\selenium-safari-driver\3.14.0\selenium-safari-driver-3.14.0.jar;C:\Users\Alok\.m2\repository\org\seleniumhq\selenium\selenium-support\3.14.0\selenium-support-3.14.0.jar;C:\Users\Alok\.m2\repository\net\bytebuddy\byte-buddy\1.8.15\byte-buddy-1.8.15.jar;C:\Users\Alok\.m2\repository\org\apache\commons\commons-exec\1.3\commons-exec-1.3.jar;C:\Users\Alok\.m2\repository\commons-codec\commons-codec\1.10\commons-codec-1.10.jar;C:\Users\Alok\.m2\repository\commons-logging\commons-logging\1.2\commons-logging-1.2.jar;C:\Users\Alok\.m2\repository\com\google\guava\guava\25.0-jre\guava-25.0-jre.jar;C:\Users\Alok\.m2\repository\com\google\code\findbugs\jsr305\1.3.9\jsr305-1.3.9.jar;C:\Users\Alok\.m2\repository\org\checkerframework\checker-compat-qual\2.0.0\checker-compat-qual-2.0.0.jar;C:\Users
Launcher Type: SUN_STANDARD

[Global flags]
     intx CICompilerCount                          = 3                                         {product} {ergonomic}
     uint ConcGCThreads                            = 1                                         {product} {ergonomic}
     uint G1ConcRefinementThreads                  = 4                                         {product} {ergonomic}
   size_t G1HeapRegionSize                         = 1048576                                   {product} {ergonomic}
    uintx GCDrainStackTargetSize                   = 64                                        {product} {ergonomic}
   size_t InitialHeapSize                          = 134217728                                 {product} {ergonomic}
   size_t MarkStackSize                            = 4194304                                   {product} {ergonomic}
   size_t MaxHeapSize                              = 2118123520                                {product} {ergonomic}
   size_t MaxNewSize                               = 1270874112                                {product} {ergonomic}
   size_t MinHeapDeltaBytes                        = 1048576                                   {product} {ergonomic}
    uintx NonNMethodCodeHeapSize                   = 5830732                                {pd product} {ergonomic}
    uintx NonProfiledCodeHeapSize                  = 122913754                              {pd product} {ergonomic}
    uintx ProfiledCodeHeapSize                     = 122913754                              {pd product} {ergonomic}
    uintx ReservedCodeCacheSize                    = 251658240                              {pd product} {ergonomic}
     bool SegmentedCodeCache                       = true                                      {product} {ergonomic}
     bool UseCompressedClassPointers               = true                                 {lp64_product} {ergonomic}
     bool UseCompressedOops                        = true                                 {lp64_product} {ergonomic}
     bool UseG1GC                                  = true                                      {product} {ergonomic}
     bool UseLargePagesIndividualAllocation        = false                                  {pd product} {ergonomic}

Logging:
Log output configuration:
 #0: stdout all=warning uptime,level,tags
 #1: stderr all=off uptime,level,tags

Environment Variables:
PATH=C:/Program Files/Java/jdk-12.0.2/bin/server;C:/Program Files/Java/jdk-12.0.2/bin;C:\Program Files (x86)\Common Files\Oracle\Java\javapath;C:\ProgramData\DockerDesktop\version-bin;C:\Program Files\Docker\Docker\Resources\bin;C:\Program Files\Java\jdk-12.0.2\bin;C:\Windows\system32;C:\Windows;C:\Windows\System32\Wbem;C:\Windows\System32\WindowsPowerShell\v1.0\;C:\Windows\System32\OpenSSH\;C:\Program Files (x86)\PuTTY\;C:\Program Files\nodejs\;C:\Program Files (x86)\Intel\Intel(R) Management Engine Components\DAL;C:\Program Files\Intel\Intel(R) Management Engine Components\DAL;C:\Users\Alok\node_modules;C:\Program Files\JetBrains\PyCharm Community Edition 2019.2\bin;D:\Software\curl-7.65.3_1-win64-mingw\curl-7.65.3-win64-mingw\bin;C:\Users\Alok\AppData\Roaming\Python\Python37\Scripts;C:\Program Files\Git\cmd;C:\Program Files\Intel\WiFi\bin\;C:\Program Files\Common Files\Intel\WirelessCommon\;C:\Users\Alok\AppData\Local\Programs\Python\Python37-32\Scripts\;C:\Users\Alok\AppData\Local\Programs\Python\Python37-32\;C:\Users\Alok\AppData\Local\Microsoft\WindowsApps;C:\Users\Alok\AppData\Roaming\npm;C:\Users\Alok\AppData\Local\Programs\Microsoft VS Code\bin;C:\Program Files\JetBrains\IntelliJ IDEA Community Edition 2019.2.2\bin;;C:\Program Files\Docker Toolbox;C:\Windows\system32;
USERNAME=Alok
OS=Windows_NT
PROCESSOR_IDENTIFIER=Intel64 Family 6 Model 78 Stepping 3, GenuineIntel



---------------  S Y S T E M  ---------------

OS: Windows 10 , 64 bit Build 17134 (10.0.17134.753)

CPU:total 4 (initial active 4) (2 cores per cpu, 2 threads per core) family 6 model 78 stepping 3, cmov, cx8, fxsr, mmx, sse, sse2, sse3, ssse3, sse4.1, sse4.2, popcnt, avx, avx2, aes, clmul, erms, 3dnowpref, lzcnt, ht, tsc, tscinvbit, bmi1, bmi2, adx, fma

Memory: 4k page, system-wide physical 8072M (3501M free)
TotalPageFile size 14216M (AvailPageFile size 7492M)
current process WorkingSet (physical memory assigned to process): 61M, peak: 105M
current process commit charge ("private bytes"): 238M, peak: 241M

vm_info: Java HotSpot(TM) 64-Bit Server VM (12.0.2+10) for windows-amd64 JRE (12.0.2+10), built on Jul 16 2019 01:56:17 by "mach5one" with MS VC++ 15.5 (VS2017)

END.
