#
# A fatal error has been detected by the Java Runtime Environment:
#
#  EXCEPTION_ACCESS_VIOLATION (0xc0000005) at pc=0x00007fff923fdccc, pid=3916, tid=6260
#
# JRE version: Java(TM) SE Runtime Environment (12.0.2+10) (build 12.0.2+10)
# Java VM: Java HotSpot(TM) 64-Bit Server VM (12.0.2+10, mixed mode, sharing, tiered, compressed oops, g1 gc, windows-amd64)
# Problematic frame:
# V  [jvm.dll+0x34dccc]
#
# No core dump will be written. Minidumps are not enabled by default on client versions of Windows
#
# If you would like to submit a bug report, please visit:
#   http://bugreport.java.com/bugreport/crash.jsp
#

---------------  S U M M A R Y ------------

Command Line: -agentlib:jdwp=transport=dt_socket,suspend=y,address=localhost:55646 -ea -Dfile.encoding=Cp1252 org.testng.remote.RemoteTestNG -serport 55644 -protocol json -d C:\Users\Alok\eclipse-workspace\com.giv.test\test-output C:\Users\Alok\eclipse-workspace\com.giv.test\Testng.xml

Host: Intel(R) Core(TM) i5-6200U CPU @ 2.30GHz, 4 cores, 7G,  Windows 10 , 64 bit Build 17134 (10.0.17134.753)
Time: Tue Sep  3 12:54:05 2019 India Standard Time elapsed time: 1156 seconds (0d 0h 19m 16s)

---------------  T H R E A D  ---------------

Current thread (0x0000028cccd97000):  VMThread "VM Thread" [stack: 0x000000cff5900000,0x000000cff5a00000] [id=6260]

Stack: [0x000000cff5900000,0x000000cff5a00000],  sp=0x000000cff59fee00,  free space=1019k
Native frames: (J=compiled Java code, j=interpreted, Vv=VM code, C=native code)
V  [jvm.dll+0x34dccc]
V  [jvm.dll+0x350221]
V  [jvm.dll+0x350aee]
V  [jvm.dll+0x34df8c]
V  [jvm.dll+0x34d232]
V  [jvm.dll+0x629765]
V  [jvm.dll+0x6294ed]
V  [jvm.dll+0x5f07aa]
V  [jvm.dll+0x505327]
V  [jvm.dll+0x78f7cc]
V  [jvm.dll+0x793637]
V  [jvm.dll+0x793e8b]
V  [jvm.dll+0x7941d7]
V  [jvm.dll+0x74a2c8]
V  [jvm.dll+0x639b16]
C  [ucrtbase.dll+0x1e3fe]
C  [KERNEL32.DLL+0x14034]
C  [ntdll.dll+0x73691]


siginfo: EXCEPTION_ACCESS_VIOLATION (0xc0000005), reading address 0x0000000000000006


Register to memory mapping:

RIP=0x00007fff923fdccc jvm.dll
RAX=0x0 is NULL
RBX=0x000000cff59ff080 points into unknown readable memory: 68 d5 98 92 ff 7f 00 00
RCX=0x0 is NULL
RDX=0x0000000000000083 is an unknown value
RSP=0x000000cff59fee00 points into unknown readable memory: 50 ee 9f f5 cf 00 00 00
RBP=0x0 is NULL
RSI=0x0000000000000001 is an unknown value
RDI=0x00007fff92b46c98 jvm.dll
R8 =0x0 is NULL
R9 =0x0000028ccd2c3120 is pointing into metadata
R10=0x00007fff920b0000 jvm.dll
R11=0x000000cff59fee60 points into unknown readable memory: 80 f0 9f f5 cf 00 00 00
R12=0x0000028cacb7e800 points into unknown readable memory: 00 b1 98 92 00 00 00 00
R13=0x0 is NULL
R14=0x0000028ccd2c3629 is pointing into metadata
R15=0x0000000000000053 is an unknown value


Registers:
RAX=0x0000000000000000, RBX=0x000000cff59ff080, RCX=0x0000000000000000, RDX=0x0000000000000083
RSP=0x000000cff59fee00, RBP=0x0000000000000000, RSI=0x0000000000000001, RDI=0x00007fff92b46c98
R8 =0x0000000000000000, R9 =0x0000028ccd2c3120, R10=0x00007fff920b0000, R11=0x000000cff59fee60
R12=0x0000028cacb7e800, R13=0x0000000000000000, R14=0x0000028ccd2c3629, R15=0x0000000000000053
RIP=0x00007fff923fdccc, EFLAGS=0x0000000000010202

Top of Stack: (sp=0x000000cff59fee00)
0x000000cff59fee00:   000000cff59fee50 00007fff92402008
0x000000cff59fee10:   0000028cacb7e878 0000000000000077
0x000000cff59fee20:   0000028ccd2c36b0 0000028cccd97000
0x000000cff59fee30:   0000028ccd2c3622 8fffffff000000e6
0x000000cff59fee40:   0000b4979c72cd37 0000b4979c72cd27
0x000000cff59fee50:   0000028ccd2c3629 000000cff59feee0
0x000000cff59fee60:   000000cff59ff080 00007fff92400221
0x000000cff59fee70:   0000028ccd2c3628 0000000000000031
0x000000cff59fee80:   000000cff59fef10 00007fff921daa1e
0x000000cff59fee90:   000000cf00000031 000000cff59fef10
0x000000cff59feea0:   0000000000000053 00000000000000b4
0x000000cff59feeb0:   00000000000000b4 00007fff92400aee
0x000000cff59feec0:   000000cff59ff080 000000cff59fef10
0x000000cff59feed0:   0000028ccd2c3629 6666666666666667
0x000000cff59feee0:   0000028ccd2c36b0 0000028cccd97000
0x000000cff59feef0:   0000003400000031 000000b400000053 

Instructions: (pc=0x00007fff923fdccc)
0x00007fff923fdbcc:   81 8b 75 58 41 81 e0 ff ff ff 00 41 81 c8 00 00
0x00007fff923fdbdc:   00 47 48 8b cd 45 89 06 c7 45 58 01 00 00 00 e8
0x00007fff923fdbec:   40 3e 00 00 66 83 7c 24 68 00 41 89 1e 89 75 58
0x00007fff923fdbfc:   74 40 8b 4c 24 70 49 ff c7 0f b7 c1 48 83 c7 08
0x00007fff923fdc0c:   4c 3b f8 0f 8c 4b ff ff ff 83 7d 5c 00 74 23 48
0x00007fff923fdc1c:   83 3d 7d 91 74 00 00 74 15 80 7d 42 00 74 0f 48
0x00007fff923fdc2c:   8d 15 26 29 55 00 48 8b cd e8 96 49 00 00 c6 45
0x00007fff923fdc3c:   42 00 4c 8b 74 24 28 4c 8b 6c 24 30 4c 8b 64 24
0x00007fff923fdc4c:   38 48 8b 7c 24 40 48 8b 74 24 48 48 8b 5c 24 60
0x00007fff923fdc5c:   4c 8b 7c 24 20 48 83 c4 50 5d c3 cc cc cc cc cc
0x00007fff923fdc6c:   cc cc cc cc 48 89 5c 24 10 48 89 6c 24 18 56 57
0x00007fff923fdc7c:   41 56 48 83 ec 50 48 8b 05 77 8f 6f 00 48 33 c4
0x00007fff923fdc8c:   48 89 44 24 40 48 8b 41 08 48 8b d9 41 8b e8 8b
0x00007fff923fdc9c:   f2 45 33 c0 41 8b d1 48 8b 48 08 48 8b 79 08 48
0x00007fff923fdcac:   8b cf e8 ed d8 f0 ff 8b d0 48 8b cf e8 23 09 f1
0x00007fff923fdcbc:   ff 48 63 c8 48 8b 44 cf 40 48 8d 3d cc 8f 74 00
0x00007fff923fdccc:   0f b6 48 06 8b 05 be 8f 74 00 80 f9 4c 74 2b 80
0x00007fff923fdcdc:   f9 5b 74 26 80 f9 4a 74 18 80 f9 44 74 13 80 f9
0x00007fff923fdcec:   56 48 8d 15 b4 8f 74 00 4c 8b d7 4c 0f 45 d2 eb
0x00007fff923fdcfc:   29 4c 8d 15 d4 8f 74 00 eb 20 8b 8c 24 90 00 00
0x00007fff923fdd0c:   00 4c 8d 54 24 30 81 e1 ff ff ff 00 89 44 24 34
0x00007fff923fdd1c:   81 c9 00 00 00 46 89 4c 24 30 45 33 c0 85 f6 74
0x00007fff923fdd2c:   05 49 8b fa eb 2a 41 8b 0a 85 c9 74 23 49 8b d0
0x00007fff923fdd3c:   4d 8b c8 90 42 89 4c 0c 20 48 8d 52 01 4c 8d 0c
0x00007fff923fdd4c:   95 00 00 00 00 41 ff c0 43 8b 0c 11 85 c9 75 e4
0x00007fff923fdd5c:   85 ed 75 10 8b 0d a6 5a 6c 00 49 63 d0 41 ff c0
0x00007fff923fdd6c:   89 4c 94 20 49 63 c8 4c 8d 74 24 20 89 44 8c 20
0x00007fff923fdd7c:   8b 74 24 20 85 f6 74 4c 48 63 53 58 85 d2 7f 18
0x00007fff923fdd8c:   48 8d 15 8d 16 51 00 48 8b cb e8 45 53 00 00 44
0x00007fff923fdd9c:   8b 05 fe 8e 74 00 eb 16 48 63 4b 20 8d 42 ff 89
0x00007fff923fddac:   43 58 48 03 ca 48 8b 43 48 44 8b 44 88 fc 8b d6
0x00007fff923fddbc:   48 8b cb e8 ac f1 ff ff 41 8b 76 04 49 83 c6 04 


Stack slot to memory mapping:
stack at sp + 0 slots: 0x000000cff59fee50 points into unknown readable memory: 29 36 2c cd 8c 02 00 00
stack at sp + 1 slots: 0x00007fff92402008 jvm.dll
stack at sp + 2 slots: 0x0000028cacb7e878 points into unknown readable memory: 00 f7 18 be 77 00 00 00
stack at sp + 3 slots: 0x0000000000000077 is an unknown value
stack at sp + 4 slots: {method} {0x0000028ccd2c36b8} 'logintest' '()V' in 'com/giv/testcases/TC_LoginTest_001'
stack at sp + 5 slots: 0x0000028cccd97000 points into unknown readable memory: e8 25 9c 92 ff 7f 00 00
stack at sp + 6 slots: 0x0000028ccd2c3622 is pointing into metadata
stack at sp + 7 slots: 0x8fffffff000000e6 is an unknown value

VM_Operation (0x000000cff61ff7f0): GetOrSetLocal, mode: safepoint, requested by thread 0x0000028ccd83c000


---------------  P R O C E S S  ---------------

Threads class SMR info:
_java_thread_list=0x0000028cce6baab0, length=18, elements={
0x0000028cacab2000, 0x0000028cccd9a800, 0x0000028cccd9c000, 0x0000028cccdb6000,
0x0000028cccdb8000, 0x0000028cccdc1800, 0x0000028cccdc5800, 0x0000028cccdd9800,
0x0000028ccd83c000, 0x0000028ccd83d800, 0x0000028ccd83e000, 0x0000028ccd852000,
0x0000028ccd865000, 0x0000028ccdecb800, 0x0000028cce69a000, 0x0000028cce7ce800,
0x0000028cce80a000, 0x0000028cce8ad000
}

Java Threads: ( => current thread )
  0x0000028cacab2000 JavaThread "main" [_thread_blocked, id=18900, stack(0x000000cff5300000,0x000000cff5400000)]
  0x0000028cccd9a800 JavaThread "Reference Handler" daemon [_thread_blocked, id=17636, stack(0x000000cff5a00000,0x000000cff5b00000)]
  0x0000028cccd9c000 JavaThread "Finalizer" daemon [_thread_blocked, id=13476, stack(0x000000cff5b00000,0x000000cff5c00000)]
  0x0000028cccdb6000 JavaThread "Signal Dispatcher" daemon [_thread_blocked, id=8644, stack(0x000000cff5c00000,0x000000cff5d00000)]
  0x0000028cccdb8000 JavaThread "Attach Listener" daemon [_thread_blocked, id=13964, stack(0x000000cff5d00000,0x000000cff5e00000)]
  0x0000028cccdc1800 JavaThread "C2 CompilerThread0" daemon [_thread_blocked, id=9760, stack(0x000000cff5e00000,0x000000cff5f00000)]
  0x0000028cccdc5800 JavaThread "C1 CompilerThread0" daemon [_thread_blocked, id=18812, stack(0x000000cff5f00000,0x000000cff6000000)]
  0x0000028cccdd9800 JavaThread "Sweeper thread" daemon [_thread_blocked, id=6520, stack(0x000000cff6000000,0x000000cff6100000)]
  0x0000028ccd83c000 JavaThread "JDWP Transport Listener: dt_socket" daemon [_thread_blocked, id=5776, stack(0x000000cff6100000,0x000000cff6200000)] _threads_hazard_ptr=0x0000028cce6baab0
  0x0000028ccd83d800 JavaThread "JDWP Event Helper Thread" daemon [_thread_blocked, id=15756, stack(0x000000cff6200000,0x000000cff6300000)]
  0x0000028ccd83e000 JavaThread "JDWP Command Reader" daemon [_thread_in_native, id=12344, stack(0x000000cff6300000,0x000000cff6400000)]
  0x0000028ccd852000 JavaThread "Service Thread" daemon [_thread_blocked, id=2216, stack(0x000000cff6400000,0x000000cff6500000)]
  0x0000028ccd865000 JavaThread "Common-Cleaner" daemon [_thread_blocked, id=13856, stack(0x000000cff6600000,0x000000cff6700000)]
  0x0000028ccdecb800 JavaThread "ReaderThread" [_thread_in_native, id=19320, stack(0x000000cff6900000,0x000000cff6a00000)]
  0x0000028cce69a000 JavaThread "Exec Default Executor" daemon [_thread_in_native, id=19376, stack(0x000000cff6d00000,0x000000cff6e00000)]
  0x0000028cce7ce800 JavaThread "Exec Stream Pumper" daemon [_thread_in_native, id=8324, stack(0x000000cff6f00000,0x000000cff7000000)]
  0x0000028cce80a000 JavaThread "Exec Stream Pumper" daemon [_thread_in_native, id=11376, stack(0x000000cff7000000,0x000000cff7100000)]
  0x0000028cce8ad000 JavaThread "Okio Watchdog" daemon [_thread_blocked, id=14640, stack(0x000000cff7300000,0x000000cff7400000)]

Other Threads:
=>0x0000028cccd97000 VMThread "VM Thread" [stack: 0x000000cff5900000,0x000000cff5a00000] [id=6260]
  0x0000028ccd85c800 WatcherThread [stack: 0x000000cff6500000,0x000000cff6600000] [id=18528]
  0x0000028cacaf1800 GCTaskThread "GC Thread#0" [stack: 0x000000cff5400000,0x000000cff5500000] [id=7116]
  0x0000028cce5fd800 GCTaskThread "GC Thread#1" [stack: 0x000000cff6700000,0x000000cff6800000] [id=18892]
  0x0000028cce5fe800 GCTaskThread "GC Thread#2" [stack: 0x000000cff6a00000,0x000000cff6b00000] [id=9096]
  0x0000028cce613000 GCTaskThread "GC Thread#3" [stack: 0x000000cff6b00000,0x000000cff6c00000] [id=19196]
  0x0000028cacaff800 ConcurrentGCThread "G1 Main Marker" [stack: 0x000000cff5500000,0x000000cff5600000] [id=18604]
  0x0000028cacb02000 ConcurrentGCThread "G1 Conc#0" [stack: 0x000000cff5600000,0x000000cff5700000] [id=18820]
  0x0000028cacb77800 ConcurrentGCThread "G1 Refine#0" [stack: 0x000000cff5700000,0x000000cff5800000] [id=5912]
  0x0000028cacb78800 ConcurrentGCThread "G1 Young RemSet Sampling" [stack: 0x000000cff5800000,0x000000cff5900000] [id=16176]

Threads with active compile tasks:

VM state:at safepoint (normal execution)

VM Mutex/Monitor currently owned by a thread:  ([mutex/lock_event])
[0x0000028cacaadcc0] Threads_lock - owner thread: 0x0000028cccd97000

Heap address: 0x0000000081c00000, size: 2020 MB, Compressed Oops mode: 32-bit
Narrow klass base: 0x0000000800000000, Narrow klass shift: 3
Compressed class space size: 1073741824 Address: 0x0000000801190000

Heap:
 garbage-first heap   total 131072K, used 14054K [0x0000000081c00000, 0x0000000100000000)
  region size 1024K, 10 young (10240K), 4 survivors (4096K)
 Metaspace       used 16266K, capacity 16815K, committed 17152K, reserved 1064960K
  class space    used 1985K, capacity 2178K, committed 2304K, reserved 1048576K
Heap Regions: E=young(eden), S=young(survivor), O=old, HS=humongous(starts), HC=humongous(continues), CS=collection set, F=free, A=archive, TAMS=top-at-mark-start (previous, next)
|   0|0x0000000081c00000, 0x0000000081d00000, 0x0000000081d00000|100%|HS|  |TAMS 0x0000000081c00000, 0x0000000081c00000| Complete 
|   1|0x0000000081d00000, 0x0000000081e00000, 0x0000000081e00000|100%| O|  |TAMS 0x0000000081d00000, 0x0000000081d00000| Untracked 
|   2|0x0000000081e00000, 0x0000000081f00000, 0x0000000081f00000|100%| O|  |TAMS 0x0000000081e00000, 0x0000000081e00000| Untracked 
|   3|0x0000000081f00000, 0x0000000082000000, 0x0000000082000000|100%| O|  |TAMS 0x0000000081f00000, 0x0000000081f00000| Untracked 
|   4|0x0000000082000000, 0x0000000082100000, 0x0000000082100000|100%| O|  |TAMS 0x0000000082000000, 0x0000000082000000| Untracked 
|   5|0x0000000082100000, 0x000000008211ae00, 0x0000000082200000| 10%| O|  |TAMS 0x0000000082100000, 0x0000000082100000| Untracked 
|   6|0x0000000082200000, 0x0000000082200000, 0x0000000082300000|  0%| F|  |TAMS 0x0000000082200000, 0x0000000082200000| Untracked 
|   7|0x0000000082300000, 0x0000000082300000, 0x0000000082400000|  0%| F|  |TAMS 0x0000000082300000, 0x0000000082300000| Untracked 
|   8|0x0000000082400000, 0x0000000082400000, 0x0000000082500000|  0%| F|  |TAMS 0x0000000082400000, 0x0000000082400000| Untracked 
|   9|0x0000000082500000, 0x0000000082500000, 0x0000000082600000|  0%| F|  |TAMS 0x0000000082500000, 0x0000000082500000| Untracked 
|  10|0x0000000082600000, 0x0000000082600000, 0x0000000082700000|  0%| F|  |TAMS 0x0000000082600000, 0x0000000082600000| Untracked 
|  11|0x0000000082700000, 0x0000000082700000, 0x0000000082800000|  0%| F|  |TAMS 0x0000000082700000, 0x0000000082700000| Untracked 
|  12|0x0000000082800000, 0x0000000082800000, 0x0000000082900000|  0%| F|  |TAMS 0x0000000082800000, 0x0000000082800000| Untracked 
|  13|0x0000000082900000, 0x0000000082900000, 0x0000000082a00000|  0%| F|  |TAMS 0x0000000082900000, 0x0000000082900000| Untracked 
|  14|0x0000000082a00000, 0x0000000082a00000, 0x0000000082b00000|  0%| F|  |TAMS 0x0000000082a00000, 0x0000000082a00000| Untracked 
|  15|0x0000000082b00000, 0x0000000082b00000, 0x0000000082c00000|  0%| F|  |TAMS 0x0000000082b00000, 0x0000000082b00000| Untracked 
|  16|0x0000000082c00000, 0x0000000082c00000, 0x0000000082d00000|  0%| F|  |TAMS 0x0000000082c00000, 0x0000000082c00000| Untracked 
|  17|0x0000000082d00000, 0x0000000082d00000, 0x0000000082e00000|  0%| F|  |TAMS 0x0000000082d00000, 0x0000000082d00000| Untracked 
|  18|0x0000000082e00000, 0x0000000082e00000, 0x0000000082f00000|  0%| F|  |TAMS 0x0000000082e00000, 0x0000000082e00000| Untracked 
|  19|0x0000000082f00000, 0x0000000082f00000, 0x0000000083000000|  0%| F|  |TAMS 0x0000000082f00000, 0x0000000082f00000| Untracked 
|  20|0x0000000083000000, 0x0000000083000000, 0x0000000083100000|  0%| F|  |TAMS 0x0000000083000000, 0x0000000083000000| Untracked 
|  21|0x0000000083100000, 0x0000000083100000, 0x0000000083200000|  0%| F|  |TAMS 0x0000000083100000, 0x0000000083100000| Untracked 
|  22|0x0000000083200000, 0x0000000083200000, 0x0000000083300000|  0%| F|  |TAMS 0x0000000083200000, 0x0000000083200000| Untracked 
|  23|0x0000000083300000, 0x0000000083300000, 0x0000000083400000|  0%| F|  |TAMS 0x0000000083300000, 0x0000000083300000| Untracked 
|  24|0x0000000083400000, 0x0000000083400000, 0x0000000083500000|  0%| F|  |TAMS 0x0000000083400000, 0x0000000083400000| Untracked 
|  25|0x0000000083500000, 0x0000000083500000, 0x0000000083600000|  0%| F|  |TAMS 0x0000000083500000, 0x0000000083500000| Untracked 
|  26|0x0000000083600000, 0x0000000083600000, 0x0000000083700000|  0%| F|  |TAMS 0x0000000083600000, 0x0000000083600000| Untracked 
|  27|0x0000000083700000, 0x0000000083700000, 0x0000000083800000|  0%| F|  |TAMS 0x0000000083700000, 0x0000000083700000| Untracked 
|  28|0x0000000083800000, 0x0000000083800000, 0x0000000083900000|  0%| F|  |TAMS 0x0000000083800000, 0x0000000083800000| Untracked 
|  29|0x0000000083900000, 0x0000000083900000, 0x0000000083a00000|  0%| F|  |TAMS 0x0000000083900000, 0x0000000083900000| Untracked 
|  30|0x0000000083a00000, 0x0000000083a00000, 0x0000000083b00000|  0%| F|  |TAMS 0x0000000083a00000, 0x0000000083a00000| Untracked 
|  31|0x0000000083b00000, 0x0000000083b00000, 0x0000000083c00000|  0%| F|  |TAMS 0x0000000083b00000, 0x0000000083b00000| Untracked 
|  32|0x0000000083c00000, 0x0000000083c00000, 0x0000000083d00000|  0%| F|  |TAMS 0x0000000083c00000, 0x0000000083c00000| Untracked 
|  33|0x0000000083d00000, 0x0000000083d00000, 0x0000000083e00000|  0%| F|  |TAMS 0x0000000083d00000, 0x0000000083d00000| Untracked 
|  34|0x0000000083e00000, 0x0000000083e00000, 0x0000000083f00000|  0%| F|  |TAMS 0x0000000083e00000, 0x0000000083e00000| Untracked 
|  35|0x0000000083f00000, 0x0000000083f00000, 0x0000000084000000|  0%| F|  |TAMS 0x0000000083f00000, 0x0000000083f00000| Untracked 
|  36|0x0000000084000000, 0x0000000084000000, 0x0000000084100000|  0%| F|  |TAMS 0x0000000084000000, 0x0000000084000000| Untracked 
|  37|0x0000000084100000, 0x0000000084100000, 0x0000000084200000|  0%| F|  |TAMS 0x0000000084100000, 0x0000000084100000| Untracked 
|  38|0x0000000084200000, 0x0000000084200000, 0x0000000084300000|  0%| F|  |TAMS 0x0000000084200000, 0x0000000084200000| Untracked 
|  39|0x0000000084300000, 0x0000000084300000, 0x0000000084400000|  0%| F|  |TAMS 0x0000000084300000, 0x0000000084300000| Untracked 
|  40|0x0000000084400000, 0x0000000084400000, 0x0000000084500000|  0%| F|  |TAMS 0x0000000084400000, 0x0000000084400000| Untracked 
|  41|0x0000000084500000, 0x0000000084500000, 0x0000000084600000|  0%| F|  |TAMS 0x0000000084500000, 0x0000000084500000| Untracked 
|  42|0x0000000084600000, 0x0000000084600000, 0x0000000084700000|  0%| F|  |TAMS 0x0000000084600000, 0x0000000084600000| Untracked 
|  43|0x0000000084700000, 0x0000000084700000, 0x0000000084800000|  0%| F|  |TAMS 0x0000000084700000, 0x0000000084700000| Untracked 
|  44|0x0000000084800000, 0x0000000084800000, 0x0000000084900000|  0%| F|  |TAMS 0x0000000084800000, 0x0000000084800000| Untracked 
|  45|0x0000000084900000, 0x0000000084900000, 0x0000000084a00000|  0%| F|  |TAMS 0x0000000084900000, 0x0000000084900000| Untracked 
|  46|0x0000000084a00000, 0x0000000084a00000, 0x0000000084b00000|  0%| F|  |TAMS 0x0000000084a00000, 0x0000000084a00000| Untracked 
|  47|0x0000000084b00000, 0x0000000084b00000, 0x0000000084c00000|  0%| F|  |TAMS 0x0000000084b00000, 0x0000000084b00000| Untracked 
|  48|0x0000000084c00000, 0x0000000084c00000, 0x0000000084d00000|  0%| F|  |TAMS 0x0000000084c00000, 0x0000000084c00000| Untracked 
|  49|0x0000000084d00000, 0x0000000084d00000, 0x0000000084e00000|  0%| F|  |TAMS 0x0000000084d00000, 0x0000000084d00000| Untracked 
|  50|0x0000000084e00000, 0x0000000084e00000, 0x0000000084f00000|  0%| F|  |TAMS 0x0000000084e00000, 0x0000000084e00000| Untracked 
|  51|0x0000000084f00000, 0x0000000084f00000, 0x0000000085000000|  0%| F|  |TAMS 0x0000000084f00000, 0x0000000084f00000| Untracked 
|  52|0x0000000085000000, 0x0000000085000000, 0x0000000085100000|  0%| F|  |TAMS 0x0000000085000000, 0x0000000085000000| Untracked 
|  53|0x0000000085100000, 0x0000000085100000, 0x0000000085200000|  0%| F|  |TAMS 0x0000000085100000, 0x0000000085100000| Untracked 
|  54|0x0000000085200000, 0x0000000085200000, 0x0000000085300000|  0%| F|  |TAMS 0x0000000085200000, 0x0000000085200000| Untracked 
|  55|0x0000000085300000, 0x0000000085300000, 0x0000000085400000|  0%| F|  |TAMS 0x0000000085300000, 0x0000000085300000| Untracked 
|  56|0x0000000085400000, 0x0000000085400000, 0x0000000085500000|  0%| F|  |TAMS 0x0000000085400000, 0x0000000085400000| Untracked 
|  57|0x0000000085500000, 0x0000000085500000, 0x0000000085600000|  0%| F|  |TAMS 0x0000000085500000, 0x0000000085500000| Untracked 
|  58|0x0000000085600000, 0x0000000085600000, 0x0000000085700000|  0%| F|  |TAMS 0x0000000085600000, 0x0000000085600000| Untracked 
|  59|0x0000000085700000, 0x0000000085700000, 0x0000000085800000|  0%| F|  |TAMS 0x0000000085700000, 0x0000000085700000| Untracked 
|  60|0x0000000085800000, 0x0000000085800000, 0x0000000085900000|  0%| F|  |TAMS 0x0000000085800000, 0x0000000085800000| Untracked 
|  61|0x0000000085900000, 0x0000000085900000, 0x0000000085a00000|  0%| F|  |TAMS 0x0000000085900000, 0x0000000085900000| Untracked 
|  62|0x0000000085a00000, 0x0000000085a00000, 0x0000000085b00000|  0%| F|  |TAMS 0x0000000085a00000, 0x0000000085a00000| Untracked 
|  63|0x0000000085b00000, 0x0000000085b00000, 0x0000000085c00000|  0%| F|  |TAMS 0x0000000085b00000, 0x0000000085b00000| Untracked 
|  64|0x0000000085c00000, 0x0000000085c00000, 0x0000000085d00000|  0%| F|  |TAMS 0x0000000085c00000, 0x0000000085c00000| Untracked 
|  65|0x0000000085d00000, 0x0000000085d00000, 0x0000000085e00000|  0%| F|  |TAMS 0x0000000085d00000, 0x0000000085d00000| Untracked 
|  66|0x0000000085e00000, 0x0000000085e00000, 0x0000000085f00000|  0%| F|  |TAMS 0x0000000085e00000, 0x0000000085e00000| Untracked 
|  67|0x0000000085f00000, 0x0000000085f00000, 0x0000000086000000|  0%| F|  |TAMS 0x0000000085f00000, 0x0000000085f00000| Untracked 
|  68|0x0000000086000000, 0x0000000086000000, 0x0000000086100000|  0%| F|  |TAMS 0x0000000086000000, 0x0000000086000000| Untracked 
|  69|0x0000000086100000, 0x0000000086100000, 0x0000000086200000|  0%| F|  |TAMS 0x0000000086100000, 0x0000000086100000| Untracked 
|  70|0x0000000086200000, 0x0000000086200000, 0x0000000086300000|  0%| F|  |TAMS 0x0000000086200000, 0x0000000086200000| Untracked 
|  71|0x0000000086300000, 0x0000000086300000, 0x0000000086400000|  0%| F|  |TAMS 0x0000000086300000, 0x0000000086300000| Untracked 
|  72|0x0000000086400000, 0x0000000086400000, 0x0000000086500000|  0%| F|  |TAMS 0x0000000086400000, 0x0000000086400000| Untracked 
|  73|0x0000000086500000, 0x0000000086500000, 0x0000000086600000|  0%| F|  |TAMS 0x0000000086500000, 0x0000000086500000| Untracked 
|  74|0x0000000086600000, 0x0000000086600000, 0x0000000086700000|  0%| F|  |TAMS 0x0000000086600000, 0x0000000086600000| Untracked 
|  75|0x0000000086700000, 0x0000000086700000, 0x0000000086800000|  0%| F|  |TAMS 0x0000000086700000, 0x0000000086700000| Untracked 
|  76|0x0000000086800000, 0x0000000086800000, 0x0000000086900000|  0%| F|  |TAMS 0x0000000086800000, 0x0000000086800000| Untracked 
|  77|0x0000000086900000, 0x0000000086900000, 0x0000000086a00000|  0%| F|  |TAMS 0x0000000086900000, 0x0000000086900000| Untracked 
|  78|0x0000000086a00000, 0x0000000086a00000, 0x0000000086b00000|  0%| F|  |TAMS 0x0000000086a00000, 0x0000000086a00000| Untracked 
|  79|0x0000000086b00000, 0x0000000086b00000, 0x0000000086c00000|  0%| F|  |TAMS 0x0000000086b00000, 0x0000000086b00000| Untracked 
|  80|0x0000000086c00000, 0x0000000086c00000, 0x0000000086d00000|  0%| F|  |TAMS 0x0000000086c00000, 0x0000000086c00000| Untracked 
|  81|0x0000000086d00000, 0x0000000086d00000, 0x0000000086e00000|  0%| F|  |TAMS 0x0000000086d00000, 0x0000000086d00000| Untracked 
|  82|0x0000000086e00000, 0x0000000086e00000, 0x0000000086f00000|  0%| F|  |TAMS 0x0000000086e00000, 0x0000000086e00000| Untracked 
|  83|0x0000000086f00000, 0x0000000086f00000, 0x0000000087000000|  0%| F|  |TAMS 0x0000000086f00000, 0x0000000086f00000| Untracked 
|  84|0x0000000087000000, 0x0000000087000000, 0x0000000087100000|  0%| F|  |TAMS 0x0000000087000000, 0x0000000087000000| Untracked 
|  85|0x0000000087100000, 0x0000000087100000, 0x0000000087200000|  0%| F|  |TAMS 0x0000000087100000, 0x0000000087100000| Untracked 
|  86|0x0000000087200000, 0x0000000087200000, 0x0000000087300000|  0%| F|  |TAMS 0x0000000087200000, 0x0000000087200000| Untracked 
|  87|0x0000000087300000, 0x0000000087300000, 0x0000000087400000|  0%| F|  |TAMS 0x0000000087300000, 0x0000000087300000| Untracked 
|  88|0x0000000087400000, 0x0000000087400000, 0x0000000087500000|  0%| F|  |TAMS 0x0000000087400000, 0x0000000087400000| Untracked 
|  89|0x0000000087500000, 0x0000000087500000, 0x0000000087600000|  0%| F|  |TAMS 0x0000000087500000, 0x0000000087500000| Untracked 
|  90|0x0000000087600000, 0x0000000087600000, 0x0000000087700000|  0%| F|  |TAMS 0x0000000087600000, 0x0000000087600000| Untracked 
|  91|0x0000000087700000, 0x0000000087700000, 0x0000000087800000|  0%| F|  |TAMS 0x0000000087700000, 0x0000000087700000| Untracked 
|  92|0x0000000087800000, 0x0000000087800000, 0x0000000087900000|  0%| F|  |TAMS 0x0000000087800000, 0x0000000087800000| Untracked 
|  93|0x0000000087900000, 0x0000000087900000, 0x0000000087a00000|  0%| F|  |TAMS 0x0000000087900000, 0x0000000087900000| Untracked 
|  94|0x0000000087a00000, 0x0000000087a00000, 0x0000000087b00000|  0%| F|  |TAMS 0x0000000087a00000, 0x0000000087a00000| Untracked 
|  95|0x0000000087b00000, 0x0000000087b00000, 0x0000000087c00000|  0%| F|  |TAMS 0x0000000087b00000, 0x0000000087b00000| Untracked 
|  96|0x0000000087c00000, 0x0000000087c00000, 0x0000000087d00000|  0%| F|  |TAMS 0x0000000087c00000, 0x0000000087c00000| Untracked 
|  97|0x0000000087d00000, 0x0000000087d9ed90, 0x0000000087e00000| 62%| S|CS|TAMS 0x0000000087d00000, 0x0000000087d00000| Complete 
|  98|0x0000000087e00000, 0x0000000087f00000, 0x0000000087f00000|100%| S|CS|TAMS 0x0000000087e00000, 0x0000000087e00000| Complete 
|  99|0x0000000087f00000, 0x0000000088000000, 0x0000000088000000|100%| S|CS|TAMS 0x0000000087f00000, 0x0000000087f00000| Complete 
| 100|0x0000000088000000, 0x0000000088100000, 0x0000000088100000|100%| S|CS|TAMS 0x0000000088000000, 0x0000000088000000| Complete 
| 101|0x0000000088100000, 0x0000000088100000, 0x0000000088200000|  0%| F|  |TAMS 0x0000000088100000, 0x0000000088100000| Untracked 
| 102|0x0000000088200000, 0x0000000088200000, 0x0000000088300000|  0%| F|  |TAMS 0x0000000088200000, 0x0000000088200000| Untracked 
| 103|0x0000000088300000, 0x0000000088300000, 0x0000000088400000|  0%| F|  |TAMS 0x0000000088300000, 0x0000000088300000| Untracked 
| 104|0x0000000088400000, 0x0000000088400000, 0x0000000088500000|  0%| F|  |TAMS 0x0000000088400000, 0x0000000088400000| Untracked 
| 105|0x0000000088500000, 0x0000000088500000, 0x0000000088600000|  0%| F|  |TAMS 0x0000000088500000, 0x0000000088500000| Untracked 
| 106|0x0000000088600000, 0x0000000088600000, 0x0000000088700000|  0%| F|  |TAMS 0x0000000088600000, 0x0000000088600000| Untracked 
| 107|0x0000000088700000, 0x0000000088700000, 0x0000000088800000|  0%| F|  |TAMS 0x0000000088700000, 0x0000000088700000| Untracked 
| 108|0x0000000088800000, 0x0000000088800000, 0x0000000088900000|  0%| F|  |TAMS 0x0000000088800000, 0x0000000088800000| Untracked 
| 109|0x0000000088900000, 0x0000000088900000, 0x0000000088a00000|  0%| F|  |TAMS 0x0000000088900000, 0x0000000088900000| Untracked 
| 110|0x0000000088a00000, 0x0000000088a00000, 0x0000000088b00000|  0%| F|  |TAMS 0x0000000088a00000, 0x0000000088a00000| Untracked 
| 111|0x0000000088b00000, 0x0000000088b00000, 0x0000000088c00000|  0%| F|  |TAMS 0x0000000088b00000, 0x0000000088b00000| Untracked 
| 112|0x0000000088c00000, 0x0000000088c00000, 0x0000000088d00000|  0%| F|  |TAMS 0x0000000088c00000, 0x0000000088c00000| Untracked 
| 113|0x0000000088d00000, 0x0000000088d00000, 0x0000000088e00000|  0%| F|  |TAMS 0x0000000088d00000, 0x0000000088d00000| Untracked 
| 114|0x0000000088e00000, 0x0000000088e00000, 0x0000000088f00000|  0%| F|  |TAMS 0x0000000088e00000, 0x0000000088e00000| Untracked 
| 115|0x0000000088f00000, 0x0000000088f00000, 0x0000000089000000|  0%| F|  |TAMS 0x0000000088f00000, 0x0000000088f00000| Untracked 
| 116|0x0000000089000000, 0x0000000089000000, 0x0000000089100000|  0%| F|  |TAMS 0x0000000089000000, 0x0000000089000000| Untracked 
| 117|0x0000000089100000, 0x0000000089100000, 0x0000000089200000|  0%| F|  |TAMS 0x0000000089100000, 0x0000000089100000| Untracked 
| 118|0x0000000089200000, 0x0000000089200000, 0x0000000089300000|  0%| F|  |TAMS 0x0000000089200000, 0x0000000089200000| Untracked 
| 119|0x0000000089300000, 0x0000000089300000, 0x0000000089400000|  0%| F|  |TAMS 0x0000000089300000, 0x0000000089300000| Untracked 
| 120|0x0000000089400000, 0x0000000089400000, 0x0000000089500000|  0%| F|  |TAMS 0x0000000089400000, 0x0000000089400000| Untracked 
| 121|0x0000000089500000, 0x0000000089500000, 0x0000000089600000|  0%| F|  |TAMS 0x0000000089500000, 0x0000000089500000| Untracked 
| 122|0x0000000089600000, 0x000000008965caf8, 0x0000000089700000| 36%| E|  |TAMS 0x0000000089600000, 0x0000000089600000| Complete 
| 123|0x0000000089700000, 0x0000000089800000, 0x0000000089800000|100%| E|CS|TAMS 0x0000000089700000, 0x0000000089700000| Complete 
| 124|0x0000000089800000, 0x0000000089900000, 0x0000000089900000|100%| E|CS|TAMS 0x0000000089800000, 0x0000000089800000| Complete 
| 125|0x0000000089900000, 0x0000000089a00000, 0x0000000089a00000|100%| E|CS|TAMS 0x0000000089900000, 0x0000000089900000| Complete 
| 126|0x0000000089a00000, 0x0000000089b00000, 0x0000000089b00000|100%| E|CS|TAMS 0x0000000089a00000, 0x0000000089a00000| Complete 
| 127|0x0000000089b00000, 0x0000000089c00000, 0x0000000089c00000|100%| E|CS|TAMS 0x0000000089b00000, 0x0000000089b00000| Complete 

Card table byte_map: [0x0000028cc6080000,0x0000028cc6480000] _byte_map_base: 0x0000028cc5c72000

Marking Bits (Prev, Next): (CMBitMap*) 0x0000028cacaf24d8, (CMBitMap*) 0x0000028cacaf2518
 Prev Bits: [0x0000028cc6880000, 0x0000028cc8810000)
 Next Bits: [0x0000028cc8810000, 0x0000028cca7a0000)

Polling page: 0x0000028cac8f0000

Metaspace:

Usage:
  Non-class:     14.29 MB capacity,    13.95 MB ( 98%) used,   302.55 KB (  2%) free+waste,    53.06 KB ( <1%) overhead. 
      Class:      2.13 MB capacity,     1.94 MB ( 91%) used,   166.30 KB (  8%) free+waste,    26.19 KB (  1%) overhead. 
       Both:     16.42 MB capacity,    15.89 MB ( 97%) used,   468.85 KB (  3%) free+waste,    79.25 KB ( <1%) overhead. 

Virtual space:
  Non-class space:       16.00 MB reserved,      14.50 MB ( 91%) committed 
      Class space:        1.00 GB reserved,       2.25 MB ( <1%) committed 
             Both:        1.02 GB reserved,      16.75 MB (  2%) committed 

Chunk freelists:
   Non-Class:  2.38 KB
       Class:  0 bytes
        Both:  2.38 KB

CodeHeap 'non-profiled nmethods': size=120064Kb used=807Kb max_used=807Kb free=119256Kb
 bounds [0x0000028cbe120000, 0x0000028cbe390000, 0x0000028cc5660000]
CodeHeap 'profiled nmethods': size=120000Kb used=4032Kb max_used=4032Kb free=115967Kb
 bounds [0x0000028cb6bf0000, 0x0000028cb6ff0000, 0x0000028cbe120000]
CodeHeap 'non-nmethods': size=5696Kb used=1269Kb max_used=1294Kb free=4426Kb
 bounds [0x0000028cb6660000, 0x0000028cb68d0000, 0x0000028cb6bf0000]
 total_blobs=2871 nmethods=1929 adapters=430
 compilation: enabled
              stopped_count=0, restarted_count=0
 full_count=0

Compilation events (10 events):
Event: 36.740 Thread 0x0000028cccdc5800 nmethod 1927 0x0000028cb6fdf090 code [0x0000028cb6fdf2c0, 0x0000028cb6fdfa10]
Event: 36.740 Thread 0x0000028cccdc5800 1928       3       java.lang.Class::forName (15 bytes)
Event: 36.740 Thread 0x0000028cccdc5800 nmethod 1928 0x0000028cb6fdfd10 code [0x0000028cb6fdff00, 0x0000028cb6fe0180]
Event: 36.740 Thread 0x0000028cccdc5800 1926       1       java.lang.reflect.Method::getSharedExceptionTypes (5 bytes)
Event: 36.741 Thread 0x0000028cccdc5800 nmethod 1926 0x0000028cbe1df210 code [0x0000028cbe1df3c0, 0x0000028cbe1df4f8]
Event: 36.801 Thread 0x0000028cccdc1800 nmethod 1921 0x0000028cbe1df590 code [0x0000028cbe1df7c0, 0x0000028cbe1e0da8]
Event: 36.801 Thread 0x0000028cccdc1800 1929       4       java.io.DataOutputStream::writeUTF (435 bytes)
Event: 36.877 Thread 0x0000028cccdc1800 nmethod 1929 0x0000028cbe1e1a90 code [0x0000028cbe1e1d00, 0x0000028cbe1e5300]
Event: 36.878 Thread 0x0000028cccdc1800 1924       4       java.io.DataOutputStream::writeShort (35 bytes)
Event: 36.931 Thread 0x0000028cccdc1800 nmethod 1924 0x0000028cbe1e6490 code [0x0000028cbe1e6700, 0x0000028cbe1e9370]

GC Heap History (6 events):
Event: 1.309 GC heap before
{Heap before GC invocations=0 (full 0):
 garbage-first heap   total 131072K, used 14336K [0x0000000081c00000, 0x0000000100000000)
  region size 1024K, 14 young (14336K), 0 survivors (0K)
 Metaspace       used 5770K, capacity 6706K, committed 6912K, reserved 1056768K
  class space    used 630K, capacity 703K, committed 768K, reserved 1048576K
}
Event: 1.315 GC heap after
{Heap after GC invocations=1 (full 0):
 garbage-first heap   total 131072K, used 5124K [0x0000000081c00000, 0x0000000100000000)
  region size 1024K, 2 young (2048K), 2 survivors (2048K)
 Metaspace       used 5770K, capacity 6706K, committed 6912K, reserved 1056768K
  class space    used 630K, capacity 703K, committed 768K, reserved 1048576K
}
Event: 1.613 GC heap before
{Heap before GC invocations=1 (full 0):
 garbage-first heap   total 131072K, used 13316K [0x0000000081c00000, 0x0000000100000000)
  region size 1024K, 10 young (10240K), 2 survivors (2048K)
 Metaspace       used 7933K, capacity 8231K, committed 8448K, reserved 1056768K
  class space    used 897K, capacity 958K, committed 1024K, reserved 1048576K
}
Event: 1.618 GC heap after
{Heap after GC invocations=2 (full 0):
 garbage-first heap   total 131072K, used 6211K [0x0000000081c00000, 0x0000000100000000)
  region size 1024K, 1 young (1024K), 1 survivors (1024K)
 Metaspace       used 7933K, capacity 8231K, committed 8448K, reserved 1056768K
  class space    used 897K, capacity 958K, committed 1024K, reserved 1048576K
}
Event: 3.079 GC heap before
{Heap before GC invocations=2 (full 0):
 garbage-first heap   total 131072K, used 31811K [0x0000000081c00000, 0x0000000100000000)
  region size 1024K, 27 young (27648K), 1 survivors (1024K)
 Metaspace       used 15272K, capacity 15748K, committed 15872K, reserved 1062912K
  class space    used 1844K, capacity 2016K, committed 2048K, reserved 1048576K
}
Event: 3.084 GC heap after
{Heap after GC invocations=3 (full 0):
 garbage-first heap   total 131072K, used 8934K [0x0000000081c00000, 0x0000000100000000)
  region size 1024K, 4 young (4096K), 4 survivors (4096K)
 Metaspace       used 15272K, capacity 15748K, committed 15872K, reserved 1062912K
  class space    used 1844K, capacity 2016K, committed 2048K, reserved 1048576K
}

Deoptimization events (10 events):
Event: 2.159 Thread 0x0000028cacab2000 Uncommon trap: reason=unstable_if action=reinterpret pc=0x0000028cbe18ec94 method=java.lang.StringUTF16.compress([CII)[B @ 13 c2
Event: 2.202 Thread 0x0000028cacab2000 Uncommon trap: reason=unstable_if action=reinterpret pc=0x0000028cbe183bbc method=java.lang.String.replace(CC)Ljava/lang/String; @ 2 c2
Event: 2.220 Thread 0x0000028cce7c2800 Uncommon trap: reason=unstable_if action=reinterpret pc=0x0000028cbe1984a4 method=java.lang.CharacterDataLatin1.digit(II)I @ 12 c2
Event: 2.734 Thread 0x0000028cce7c2800 Uncommon trap: reason=unstable_if action=reinterpret pc=0x0000028cbe198090 method=java.lang.CharacterDataLatin1.digit(II)I @ 12 c2
Event: 2.964 Thread 0x0000028cacab2000 Uncommon trap: reason=unstable_if action=reinterpret pc=0x0000028cbe1ba744 method=java.util.regex.Pattern$BmpCharProperty.match(Ljava/util/regex/Matcher;ILjava/lang/CharSequence;)Z @ 5 c2
Event: 6.456 Thread 0x0000028cacab2000 Uncommon trap: reason=class_check action=maybe_recompile pc=0x0000028cbe1c5e18 method=org.openqa.selenium.json.Input.init()V @ 18 c2
Event: 6.456 Thread 0x0000028cacab2000 Uncommon trap: reason=class_check action=maybe_recompile pc=0x0000028cbe1c5e18 method=org.openqa.selenium.json.Input.init()V @ 18 c2
Event: 6.456 Thread 0x0000028cacab2000 Uncommon trap: reason=class_check action=maybe_recompile pc=0x0000028cbe1c5e18 method=org.openqa.selenium.json.Input.init()V @ 18 c2
Event: 6.457 Thread 0x0000028cacab2000 Uncommon trap: reason=class_check action=maybe_recompile pc=0x0000028cbe1c5e18 method=org.openqa.selenium.json.Input.init()V @ 18 c2
Event: 28.463 Thread 0x0000028cacab2000 Uncommon trap: reason=class_check action=maybe_recompile pc=0x0000028cbe188600 method=java.util.concurrent.ConcurrentHashMap.putVal(Ljava/lang/Object;Ljava/lang/Object;Z)Ljava/lang/Object; @ 242 c2

Classes redefined (3 events):
Event: 401.368 Thread 0x0000028cccd97000 redefined class name=com.giv.testcases.TC_LoginTest_001, count=1
Event: 414.402 Thread 0x0000028cccd97000 redefined class name=com.giv.testcases.TC_LoginTest_001, count=2
Event: 1155.790 Thread 0x0000028cccd97000 redefined class name=com.giv.testcases.TC_LoginTest_001, count=3

Internal exceptions (10 events):
Event: 2.854 Thread 0x0000028cacab2000 Exception <a 'java/lang/NoSuchMethodError'{0x000000008881ace0}: java.lang.invoke.DirectMethodHandle$Holder.invokeVirtual(Ljava/lang/Object;Ljava/lang/Object;)D> (0x000000008881ace0) thrown at [t:/workspace/open/src/hotspot/share/interpreter/linkResolver.c
Event: 2.856 Thread 0x0000028cacab2000 Exception <a 'java/lang/NoSuchMethodError'{0x00000000888203f0}: java.lang.invoke.DirectMethodHandle$Holder.invokeVirtual(Ljava/lang/Object;Ljava/lang/Object;)F> (0x00000000888203f0) thrown at [t:/workspace/open/src/hotspot/share/interpreter/linkResolver.c
Event: 2.858 Thread 0x0000028cacab2000 Exception <a 'java/lang/NoSuchMethodError'{0x0000000088827db0}: java.lang.invoke.DirectMethodHandle$Holder.invokeVirtual(Ljava/lang/Object;Ljava/lang/Object;)J> (0x0000000088827db0) thrown at [t:/workspace/open/src/hotspot/share/interpreter/linkResolver.c
Event: 2.963 Thread 0x0000028cacab2000 Exception <a 'java/lang/NoSuchMethodError'{0x0000000088585128}: java.lang.invoke.DirectMethodHandle$Holder.invokeStatic(Ljava/lang/Object;Ljava/lang/Object;Ljava/lang/Object;Ljava/lang/Object;Ljava/lang/Object;)V> (0x0000000088585128) thrown at [t:/worksp
Event: 3.064 Thread 0x0000028cacab2000 Exception <a 'java/lang/NoSuchMethodError'{0x000000008816d8b8}: java.lang.invoke.DirectMethodHandle$Holder.invokeStatic(Ljava/lang/Object;Ljava/lang/Object;Ljava/lang/Object;Ljava/lang/Object;)V> (0x000000008816d8b8) thrown at [t:/workspace/open/src/hotsp
Event: 7.077 Thread 0x0000028cacab2000 Exception <a 'java/lang/ClassNotFoundException'{0x0000000089af7908}: sun/util/logging/resources/spi/loggingProvider> (0x0000000089af7908) thrown at [t:/workspace/open/src/hotspot/share/classfile/systemDictionary.cpp, line 235]
Event: 7.167 Thread 0x0000028cacab2000 Exception <a 'java/net/SocketTimeoutException'{0x00000000899c3d08}: Read timed out> (0x00000000899c3d08) thrown at [t:/workspace/open/src/hotspot/share/prims/jni.cpp, line 636]
Event: 8.355 Thread 0x0000028cacab2000 Exception <a 'java/net/SocketTimeoutException'{0x00000000899daa88}: Read timed out> (0x00000000899daa88) thrown at [t:/workspace/open/src/hotspot/share/prims/jni.cpp, line 636]
Event: 8.375 Thread 0x0000028cacab2000 Exception <a 'java/net/SocketTimeoutException'{0x00000000899ec720}: Read timed out> (0x00000000899ec720) thrown at [t:/workspace/open/src/hotspot/share/prims/jni.cpp, line 636]
Event: 28.471 Thread 0x0000028cacab2000 Exception <a 'java/net/SocketTimeoutException'{0x000000008985c938}: Read timed out> (0x000000008985c938) thrown at [t:/workspace/open/src/hotspot/share/prims/jni.cpp, line 636]

Events (10 events):
Event: 1155.812 Executing VM operation: SetFramePop done
Event: 1155.812 Executing VM operation: GetFrameLocation
Event: 1155.812 Executing VM operation: GetFrameLocation done
Event: 1155.812 Executing VM operation: GetCurrentLocation
Event: 1155.812 Executing VM operation: GetCurrentLocation done
Event: 1155.812 Executing VM operation: ChangeSingleStep
Event: 1155.812 Executing VM operation: ChangeSingleStep done
Event: 1155.812 Executing VM operation: GetFrameLocation
Event: 1155.812 Executing VM operation: GetFrameLocation done
Event: 1155.813 Executing VM operation: GetOrSetLocal


Dynamic libraries:
0x00007ff6c5fb0000 - 0x00007ff6c5fbf000 	C:\Program Files\Java\jdk-12.0.2\bin\javaw.exe
0x00007fffd5400000 - 0x00007fffd55e1000 	C:\Windows\SYSTEM32\ntdll.dll
0x00007fffd5310000 - 0x00007fffd53c1000 	C:\Windows\System32\KERNEL32.DLL
0x00007fffd1d30000 - 0x00007fffd1fa3000 	C:\Windows\System32\KERNELBASE.dll
0x00007fffd2730000 - 0x00007fffd2828000 	C:\Windows\System32\ucrtbase.dll
0x00007fffa2740000 - 0x00007fffa2756000 	C:\Program Files\Java\jdk-12.0.2\bin\VCRUNTIME140.dll
0x00007fffa2760000 - 0x00007fffa2778000 	C:\Program Files\Java\jdk-12.0.2\bin\jli.dll
0x00007fffd4db0000 - 0x00007fffd4e51000 	C:\Windows\System32\ADVAPI32.dll
0x00007fffd4ab0000 - 0x00007fffd4b4e000 	C:\Windows\System32\msvcrt.dll
0x00007fffd4c80000 - 0x00007fffd4cdb000 	C:\Windows\System32\sechost.dll
0x00007fffd51e0000 - 0x00007fffd5304000 	C:\Windows\System32\RPCRT4.dll
0x00007fffd2a80000 - 0x00007fffd2c10000 	C:\Windows\System32\USER32.dll
0x00007fffd26c0000 - 0x00007fffd26e0000 	C:\Windows\System32\win32u.dll
0x00007fffb6890000 - 0x00007fffb6af9000 	C:\Windows\WinSxS\amd64_microsoft.windows.common-controls_6595b64144ccf1df_6.0.17134.950_none_fb3da4273069d3e0\COMCTL32.dll
0x00007fffd4b50000 - 0x00007fffd4b78000 	C:\Windows\System32\GDI32.dll
0x00007fffd2cf0000 - 0x00007fffd3012000 	C:\Windows\System32\combase.dll
0x00007fffd17d0000 - 0x00007fffd1961000 	C:\Windows\System32\gdi32full.dll
0x00007fffd1a20000 - 0x00007fffd1a99000 	C:\Windows\System32\bcryptPrimitives.dll
0x00007fffd1aa0000 - 0x00007fffd1b3f000 	C:\Windows\System32\msvcp_win.dll
0x00007fffcd590000 - 0x00007fffcd59a000 	C:\Windows\SYSTEM32\VERSION.dll
0x00007fffd2890000 - 0x00007fffd28bd000 	C:\Windows\System32\IMM32.DLL
0x00007fff9e120000 - 0x00007fff9e1ca000 	C:\Program Files\Java\jdk-12.0.2\bin\msvcp140.dll
0x00007fff920b0000 - 0x00007fff92c27000 	C:\Program Files\Java\jdk-12.0.2\bin\server\jvm.dll
0x00007fffd3120000 - 0x00007fffd3128000 	C:\Windows\System32\PSAPI.DLL
0x00007fffb7460000 - 0x00007fffb7469000 	C:\Windows\SYSTEM32\WSOCK32.dll
0x00007fffc8a90000 - 0x00007fffc8ab3000 	C:\Windows\SYSTEM32\WINMM.dll
0x00007fffd3600000 - 0x00007fffd366c000 	C:\Windows\System32\WS2_32.dll
0x00007fffc8a60000 - 0x00007fffc8a8a000 	C:\Windows\SYSTEM32\WINMMBASE.dll
0x00007fffd26e0000 - 0x00007fffd2729000 	C:\Windows\System32\cfgmgr32.dll
0x00007fffd1790000 - 0x00007fffd17a1000 	C:\Windows\System32\kernel.appcore.dll
0x00007fffce230000 - 0x00007fffce241000 	C:\Program Files\Java\jdk-12.0.2\bin\verify.dll
0x00007fffd0200000 - 0x00007fffd03c9000 	C:\Windows\SYSTEM32\DBGHELP.DLL
0x00007fffc3a20000 - 0x00007fffc3a49000 	C:\Windows\SYSTEM32\dbgcore.DLL
0x00007fffaeec0000 - 0x00007fffaeee6000 	C:\Program Files\Java\jdk-12.0.2\bin\java.dll
0x00007fff9fa70000 - 0x00007fff9faa8000 	C:\Program Files\Java\jdk-12.0.2\bin\jdwp.dll
0x00007fffc9dc0000 - 0x00007fffc9dd7000 	C:\Program Files\Java\jdk-12.0.2\bin\zip.dll
0x00007fffc9ef0000 - 0x00007fffc9efa000 	C:\Program Files\Java\jdk-12.0.2\bin\jimage.dll
0x00007fffd3670000 - 0x00007fffd4ab0000 	C:\Windows\System32\SHELL32.dll
0x00007fffd2c10000 - 0x00007fffd2cb9000 	C:\Windows\System32\shcore.dll
0x00007fffd1fb0000 - 0x00007fffd26bd000 	C:\Windows\System32\windows.storage.dll
0x00007fffd4e60000 - 0x00007fffd4eb1000 	C:\Windows\System32\shlwapi.dll
0x00007fffd1720000 - 0x00007fffd173f000 	C:\Windows\System32\profapi.dll
0x00007fffd1740000 - 0x00007fffd178c000 	C:\Windows\System32\powrprof.dll
0x00007fffd1710000 - 0x00007fffd171a000 	C:\Windows\System32\FLTLIB.DLL
0x00007fffc9e30000 - 0x00007fffc9e3a000 	C:\Program Files\Java\jdk-12.0.2\bin\dt_socket.dll
0x00007fffd0f30000 - 0x00007fffd0f96000 	C:\Windows\System32\mswsock.dll
0x00007fffd0cc0000 - 0x00007fffd0d7e000 	C:\Windows\SYSTEM32\DNSAPI.dll
0x00007fffd2cc0000 - 0x00007fffd2cc8000 	C:\Windows\System32\NSI.dll
0x00007fffd0c80000 - 0x00007fffd0cb8000 	C:\Windows\SYSTEM32\IPHLPAPI.DLL
0x00007fffcb190000 - 0x00007fffcb202000 	C:\Windows\System32\fwpuclnt.dll
0x00007fffd1270000 - 0x00007fffd1295000 	C:\Windows\SYSTEM32\bcrypt.dll
0x00007fffcad50000 - 0x00007fffcad5a000 	C:\Windows\System32\rasadhlp.dll
0x00007fffbbdc0000 - 0x00007fffbbdd9000 	C:\Program Files\Java\jdk-12.0.2\bin\net.dll
0x00007fffc2f80000 - 0x00007fffc3149000 	C:\Windows\SYSTEM32\urlmon.dll
0x00007fffcbaf0000 - 0x00007fffcbbcd000 	C:\Windows\SYSTEM32\WINHTTP.dll
0x00007fffc2840000 - 0x00007fffc2ae6000 	C:\Windows\SYSTEM32\iertutil.dll
0x00007fffd1100000 - 0x00007fffd110b000 	C:\Windows\SYSTEM32\CRYPTBASE.DLL
0x00007fffb6b60000 - 0x00007fffb6b73000 	C:\Program Files\Java\jdk-12.0.2\bin\nio.dll
0x00007fffd10e0000 - 0x00007fffd10f7000 	C:\Windows\SYSTEM32\CRYPTSP.dll
0x00007fffd0ae0000 - 0x00007fffd0b13000 	C:\Windows\system32\rsaenh.dll
0x00007fffd1610000 - 0x00007fffd1638000 	C:\Windows\SYSTEM32\USERENV.dll
0x00007fffcbf30000 - 0x00007fffcbf46000 	C:\Windows\SYSTEM32\dhcpcsvc6.DLL
0x00007fffcc010000 - 0x00007fffcc02a000 	C:\Windows\SYSTEM32\dhcpcsvc.DLL
0x00007fffbf6d0000 - 0x00007fffbf6de000 	C:\Program Files\Java\jdk-12.0.2\bin\sunmscapi.dll
0x00007fffd1b40000 - 0x00007fffd1d22000 	C:\Windows\System32\CRYPT32.dll
0x00007fffd17b0000 - 0x00007fffd17c2000 	C:\Windows\System32\MSASN1.dll
0x00007fffd1240000 - 0x00007fffd1266000 	C:\Windows\SYSTEM32\ncrypt.dll
0x00007fffd1200000 - 0x00007fffd1236000 	C:\Windows\SYSTEM32\NTASN1.dll
0x00007fffa43a0000 - 0x00007fffa43c7000 	C:\Program Files\Java\jdk-12.0.2\bin\sunec.dll

dbghelp: loaded successfully - version: 4.0.5 - missing functions: none
symbol engine: initialized successfully - sym options: 0x614 - pdb path: .;C:\Program Files\Java\jdk-12.0.2\bin;C:\Windows\SYSTEM32;C:\Windows\WinSxS\amd64_microsoft.windows.common-controls_6595b64144ccf1df_6.0.17134.950_none_fb3da4273069d3e0;C:\Program Files\Java\jdk-12.0.2\bin\server

VM Arguments:
jvm_args: -agentlib:jdwp=transport=dt_socket,suspend=y,address=localhost:55646 -ea -Dfile.encoding=Cp1252 
java_command: org.testng.remote.RemoteTestNG -serport 55644 -protocol json -d C:\Users\Alok\eclipse-workspace\com.giv.test\test-output C:\Users\Alok\eclipse-workspace\com.giv.test\Testng.xml
java_class_path (initial): C:\Users\Alok\eclipse\java-2019-062\eclipse\configuration\org.eclipse.osgi\486\0\.cp\lib\testng-remote.jar;C:\Users\Alok\eclipse-workspace\com.giv.test\target\test-classes;C:\Users\Alok\eclipse-workspace\com.giv.test\target\classes;C:\Users\Alok\.m2\repository\org\seleniumhq\selenium\selenium-java\3.14.0\selenium-java-3.14.0.jar;C:\Users\Alok\.m2\repository\org\seleniumhq\selenium\selenium-api\3.14.0\selenium-api-3.14.0.jar;C:\Users\Alok\.m2\repository\org\seleniumhq\selenium\selenium-chrome-driver\3.14.0\selenium-chrome-driver-3.14.0.jar;C:\Users\Alok\.m2\repository\org\seleniumhq\selenium\selenium-edge-driver\3.14.0\selenium-edge-driver-3.14.0.jar;C:\Users\Alok\.m2\repository\org\seleniumhq\selenium\selenium-firefox-driver\3.14.0\selenium-firefox-driver-3.14.0.jar;C:\Users\Alok\.m2\repository\org\seleniumhq\selenium\selenium-ie-driver\3.14.0\selenium-ie-driver-3.14.0.jar;C:\Users\Alok\.m2\repository\org\seleniumhq\selenium\selenium-opera-driver\3.14.0\selenium-opera-driver-3.14.0.jar;C:\Users\Alok\.m2\repository\org\seleniumhq\selenium\selenium-remote-driver\3.14.0\selenium-remote-driver-3.14.0.jar;C:\Users\Alok\.m2\repository\org\seleniumhq\selenium\selenium-safari-driver\3.14.0\selenium-safari-driver-3.14.0.jar;C:\Users\Alok\.m2\repository\org\seleniumhq\selenium\selenium-support\3.14.0\selenium-support-3.14.0.jar;C:\Users\Alok\.m2\repository\net\bytebuddy\byte-buddy\1.8.15\byte-buddy-1.8.15.jar;C:\Users\Alok\.m2\repository\org\apache\commons\commons-exec\1.3\commons-exec-1.3.jar;C:\Users\Alok\.m2\repository\commons-codec\commons-codec\1.10\commons-codec-1.10.jar;C:\Users\Alok\.m2\repository\commons-logging\commons-logging\1.2\commons-logging-1.2.jar;C:\Users\Alok\.m2\repository\com\google\guava\guava\25.0-jre\guava-25.0-jre.jar;C:\Users\Alok\.m2\repository\com\google\code\findbugs\jsr305\1.3.9\jsr305-1.3.9.jar;C:\Users\Alok\.m2\repository\org\checkerframework\checker-compat-qual\2.0.0\checker-compat-qual-2.0.0.jar;C:\Users\Alok\.m2\
Launcher Type: SUN_STANDARD

[Global flags]
     intx CICompilerCount                          = 3                                         {product} {ergonomic}
     uint ConcGCThreads                            = 1                                         {product} {ergonomic}
     uint G1ConcRefinementThreads                  = 4                                         {product} {ergonomic}
   size_t G1HeapRegionSize                         = 1048576                                   {product} {ergonomic}
    uintx GCDrainStackTargetSize                   = 64                                        {product} {ergonomic}
   size_t InitialHeapSize                          = 134217728                                 {product} {ergonomic}
   size_t MarkStackSize                            = 4194304                                   {product} {ergonomic}
   size_t MaxHeapSize                              = 2118123520                                {product} {ergonomic}
   size_t MaxNewSize                               = 1270874112                                {product} {ergonomic}
   size_t MinHeapDeltaBytes                        = 1048576                                   {product} {ergonomic}
    uintx NonNMethodCodeHeapSize                   = 5830732                                {pd product} {ergonomic}
    uintx NonProfiledCodeHeapSize                  = 122913754                              {pd product} {ergonomic}
    uintx ProfiledCodeHeapSize                     = 122913754                              {pd product} {ergonomic}
    uintx ReservedCodeCacheSize                    = 251658240                              {pd product} {ergonomic}
     bool SegmentedCodeCache                       = true                                      {product} {ergonomic}
     bool UseCompressedClassPointers               = true                                 {lp64_product} {ergonomic}
     bool UseCompressedOops                        = true                                 {lp64_product} {ergonomic}
     bool UseG1GC                                  = true                                      {product} {ergonomic}
     bool UseLargePagesIndividualAllocation        = false                                  {pd product} {ergonomic}

Logging:
Log output configuration:
 #0: stdout all=warning uptime,level,tags
 #1: stderr all=off uptime,level,tags

Environment Variables:
PATH=C:/Program Files/Java/jdk-12.0.2/bin/server;C:/Program Files/Java/jdk-12.0.2/bin;C:\Program Files\Java\jdk-12.0.2\bin;C:\Windows\system32;C:\Windows;C:\Windows\System32\Wbem;C:\Windows\System32\WindowsPowerShell\v1.0\;C:\Windows\System32\OpenSSH\;C:\Program Files (x86)\PuTTY\;C:\Program Files\nodejs\;C:\Program Files\Intel\WiFi\bin\;C:\Program Files\Common Files\Intel\WirelessCommon\;C:\Program Files (x86)\Intel\Intel(R) Management Engine Components\DAL;C:\Program Files\Intel\Intel(R) Management Engine Components\DAL;C:\Users\Alok\node_modules;C:\Program Files\JetBrains\PyCharm Community Edition 2019.2\bin;D:\Software\curl-7.65.3_1-win64-mingw\curl-7.65.3-win64-mingw\bin;C:\Users\Alok\AppData\Roaming\Python\Python37\Scripts;C:\Users\Alok\AppData\Local\Microsoft\WindowsApps;C:\Users\Alok\AppData\Roaming\npm;C:\Users\Alok\AppData\Local\Programs\Microsoft VS Code\bin;C:\Windows\system32;
USERNAME=Alok
OS=Windows_NT
PROCESSOR_IDENTIFIER=Intel64 Family 6 Model 78 Stepping 3, GenuineIntel



---------------  S Y S T E M  ---------------

OS: Windows 10 , 64 bit Build 17134 (10.0.17134.753)

CPU:total 4 (initial active 4) (2 cores per cpu, 2 threads per core) family 6 model 78 stepping 3, cmov, cx8, fxsr, mmx, sse, sse2, sse3, ssse3, sse4.1, sse4.2, popcnt, avx, avx2, aes, clmul, erms, 3dnowpref, lzcnt, ht, tsc, tscinvbit, bmi1, bmi2, adx, fma

Memory: 4k page, system-wide physical 8072M (1245M free)
TotalPageFile size 13448M (AvailPageFile size 2724M)
current process WorkingSet (physical memory assigned to process): 101M, peak: 105M
current process commit charge ("private bytes"): 236M, peak: 241M

vm_info: Java HotSpot(TM) 64-Bit Server VM (12.0.2+10) for windows-amd64 JRE (12.0.2+10), built on Jul 16 2019 01:56:17 by "mach5one" with MS VC++ 15.5 (VS2017)

END.
